2024-10-10 11:35:11,535 - basicLogger - INFO - Start Periodic Processing
2024-10-10 11:35:16,542 - basicLogger - INFO - Start Periodic Processing
2024-10-10 11:35:21,533 - basicLogger - INFO - Start Periodic Processing
2024-10-10 11:35:26,531 - basicLogger - INFO - Start Periodic Processing
2024-10-10 11:35:31,527 - basicLogger - INFO - Start Periodic Processing
2024-10-10 11:35:36,533 - basicLogger - INFO - Start Periodic Processing
2024-10-10 11:35:41,538 - basicLogger - INFO - Start Periodic Processing
2024-10-10 11:35:46,540 - basicLogger - INFO - Start Periodic Processing
2024-10-10 11:35:51,535 - basicLogger - INFO - Start Periodic Processing
2024-10-10 11:35:56,525 - basicLogger - INFO - Start Periodic Processing
2024-10-10 11:36:01,525 - basicLogger - INFO - Start Periodic Processing
2024-10-10 11:36:06,529 - basicLogger - INFO - Start Periodic Processing
2024-10-10 11:36:11,541 - basicLogger - INFO - Start Periodic Processing
2024-10-10 11:36:16,526 - basicLogger - INFO - Start Periodic Processing
2024-10-10 11:36:21,538 - basicLogger - INFO - Start Periodic Processing
2024-10-10 11:36:26,527 - basicLogger - INFO - Start Periodic Processing
2024-10-10 11:47:38,843 - basicLogger - INFO - Start Periodic Processing
2024-10-10 11:47:43,852 - basicLogger - INFO - Start Periodic Processing
2024-10-10 11:47:48,850 - basicLogger - INFO - Start Periodic Processing
2024-10-10 11:47:53,852 - basicLogger - INFO - Start Periodic Processing
2024-10-10 11:47:58,850 - basicLogger - INFO - Start Periodic Processing
2024-10-10 11:48:03,843 - basicLogger - INFO - Start Periodic Processing
2024-10-10 11:48:08,850 - basicLogger - INFO - Start Periodic Processing
2024-10-10 11:48:13,850 - basicLogger - INFO - Start Periodic Processing
2024-10-10 11:48:18,848 - basicLogger - INFO - Start Periodic Processing
2024-10-10 11:48:23,839 - basicLogger - INFO - Start Periodic Processing
2024-10-10 11:48:28,852 - basicLogger - INFO - Start Periodic Processing
2024-10-10 11:48:33,839 - basicLogger - INFO - Start Periodic Processing
2024-10-10 11:48:38,851 - basicLogger - INFO - Start Periodic Processing
2024-10-10 11:48:43,844 - basicLogger - INFO - Start Periodic Processing
2024-10-10 11:48:48,840 - basicLogger - INFO - Start Periodic Processing
2024-10-10 11:48:53,852 - basicLogger - INFO - Start Periodic Processing
2024-10-10 11:48:58,852 - basicLogger - INFO - Start Periodic Processing
2024-10-10 11:49:03,842 - basicLogger - INFO - Start Periodic Processing
2024-10-10 11:49:08,850 - basicLogger - INFO - Start Periodic Processing
2024-10-10 11:49:13,851 - basicLogger - INFO - Start Periodic Processing
2024-10-10 11:49:18,853 - basicLogger - INFO - Start Periodic Processing
2024-10-10 11:49:23,840 - basicLogger - INFO - Start Periodic Processing
2024-10-10 11:49:28,851 - basicLogger - INFO - Start Periodic Processing
2024-10-10 11:49:33,846 - basicLogger - INFO - Start Periodic Processing
2024-10-10 11:49:38,842 - basicLogger - INFO - Start Periodic Processing
2024-10-10 11:49:43,847 - basicLogger - INFO - Start Periodic Processing
2024-10-10 11:49:48,845 - basicLogger - INFO - Start Periodic Processing
2024-10-10 11:49:53,844 - basicLogger - INFO - Start Periodic Processing
2024-10-10 11:49:58,846 - basicLogger - INFO - Start Periodic Processing
2024-10-10 11:50:03,853 - basicLogger - INFO - Start Periodic Processing
2024-10-10 11:50:08,852 - basicLogger - INFO - Start Periodic Processing
2024-10-10 11:50:13,838 - basicLogger - INFO - Start Periodic Processing
2024-10-10 11:50:18,849 - basicLogger - INFO - Start Periodic Processing
2024-10-10 11:50:23,843 - basicLogger - INFO - Start Periodic Processing
2024-10-10 11:50:28,847 - basicLogger - INFO - Start Periodic Processing
2024-10-10 11:50:33,847 - basicLogger - INFO - Start Periodic Processing
2024-10-10 11:50:38,845 - basicLogger - INFO - Start Periodic Processing
2024-10-10 11:50:43,853 - basicLogger - INFO - Start Periodic Processing
2024-10-10 11:50:48,851 - basicLogger - INFO - Start Periodic Processing
2024-10-10 11:50:53,852 - basicLogger - INFO - Start Periodic Processing
2024-10-10 11:50:58,846 - basicLogger - INFO - Start Periodic Processing
2024-10-10 11:51:03,840 - basicLogger - INFO - Start Periodic Processing
2024-10-10 11:51:08,852 - basicLogger - INFO - Start Periodic Processing
2024-10-10 11:51:13,851 - basicLogger - INFO - Start Periodic Processing
2024-10-10 11:51:18,839 - basicLogger - INFO - Start Periodic Processing
2024-10-10 11:51:23,843 - basicLogger - INFO - Start Periodic Processing
2024-10-10 11:51:28,843 - basicLogger - INFO - Start Periodic Processing
2024-10-10 11:51:33,844 - basicLogger - INFO - Start Periodic Processing
2024-10-10 11:51:38,853 - basicLogger - INFO - Start Periodic Processing
2024-10-10 11:51:43,844 - basicLogger - INFO - Start Periodic Processing
2024-10-10 11:51:48,841 - basicLogger - INFO - Start Periodic Processing
2024-10-10 11:51:53,854 - basicLogger - INFO - Start Periodic Processing
2024-10-10 11:51:58,844 - basicLogger - INFO - Start Periodic Processing
2024-10-10 11:52:03,844 - basicLogger - INFO - Start Periodic Processing
2024-10-10 11:52:08,846 - basicLogger - INFO - Start Periodic Processing
2024-10-10 11:52:13,845 - basicLogger - INFO - Start Periodic Processing
2024-10-10 11:52:18,852 - basicLogger - INFO - Start Periodic Processing
2024-10-10 11:52:23,840 - basicLogger - INFO - Start Periodic Processing
2024-10-10 11:52:28,844 - basicLogger - INFO - Start Periodic Processing
2024-10-10 11:54:02,081 - basicLogger - INFO - Start Periodic Processing
2024-10-10 11:54:22,087 - basicLogger - INFO - Start Periodic Processing
2024-10-10 11:54:42,082 - basicLogger - INFO - Start Periodic Processing
2024-10-10 11:55:02,083 - basicLogger - INFO - Start Periodic Processing
2024-10-10 11:55:55,670 - basicLogger - INFO - Start Periodic Processing
2024-10-10 11:55:59,833 - basicLogger - ERROR - Failed to retrieve events
2024-10-10 11:55:59,834 - basicLogger - DEBUG - Updated statistics: {'num_ec_readings': 203, 'min_ec_reading': 160, 'max_ec_reading': 204, 'num_temp_readings': 200, 'min_temp_reading': 9, 'max_temp_reading': 26, 'last_updated': '2024-10-10T11:55:55'}
2024-10-10 11:55:59,835 - basicLogger - INFO - Periodic processing has completed
2024-10-10 11:56:15,677 - basicLogger - INFO - Start Periodic Processing
2024-10-10 11:56:35,673 - basicLogger - INFO - Start Periodic Processing
2024-10-10 11:56:55,672 - basicLogger - INFO - Start Periodic Processing
2024-10-10 11:57:15,667 - basicLogger - INFO - Start Periodic Processing
2024-10-10 11:57:35,666 - basicLogger - INFO - Start Periodic Processing
2024-10-10 11:57:55,679 - basicLogger - INFO - Start Periodic Processing
2024-10-10 11:59:45,338 - basicLogger - INFO - Start Periodic Processing
2024-10-10 11:59:49,471 - basicLogger - ERROR - Failed get method
2024-10-10 11:59:49,472 - basicLogger - DEBUG - Updated statistics: {'num_ec_readings': 203, 'min_ec_reading': 160, 'max_ec_reading': 204, 'num_temp_readings': 200, 'min_temp_reading': 9, 'max_temp_reading': 26, 'last_updated': '2024-10-10T11:59:45'}
2024-10-10 11:59:49,473 - basicLogger - INFO - Periodic processing has completed
2024-10-10 12:00:05,344 - basicLogger - INFO - Start Periodic Processing
2024-10-10 12:00:25,333 - basicLogger - INFO - Start Periodic Processing
2024-10-10 12:01:38,849 - basicLogger - INFO - Start Periodic Processing
2024-10-10 12:01:58,853 - basicLogger - INFO - Start Periodic Processing
2024-10-10 12:02:43,864 - basicLogger - INFO - Start Periodic Processing
2024-10-10 12:03:00,833 - basicLogger - INFO - Start Periodic Processing
2024-10-10 12:03:05,822 - basicLogger - INFO - Start Periodic Processing
2024-10-10 12:05:00,011 - basicLogger - INFO - Start Periodic Processing
2024-10-10 12:07:24,852 - basicLogger - INFO - Start Periodic Processing
2024-10-10 12:07:29,860 - basicLogger - INFO - Start Periodic Processing
2024-10-10 12:09:51,323 - basicLogger - INFO - Start Periodic Processing
2024-10-10 12:09:56,319 - basicLogger - INFO - Start Periodic Processing
2024-10-10 12:16:09,111 - basicLogger - INFO - Start Periodic Processing
2024-10-10 12:16:14,103 - basicLogger - INFO - Start Periodic Processing
2024-10-10 12:16:55,010 - basicLogger - INFO - Start Periodic Processing
2024-10-10 12:17:00,011 - basicLogger - INFO - Start Periodic Processing
2024-10-10 12:17:05,008 - basicLogger - INFO - Start Periodic Processing
2024-10-10 12:17:10,005 - basicLogger - INFO - Start Periodic Processing
2024-10-10 12:17:15,007 - basicLogger - INFO - Start Periodic Processing
2024-10-10 12:17:20,017 - basicLogger - INFO - Start Periodic Processing
2024-10-10 12:17:25,009 - basicLogger - INFO - Start Periodic Processing
2024-10-10 12:17:30,008 - basicLogger - INFO - Start Periodic Processing
2024-10-10 12:17:35,014 - basicLogger - INFO - Start Periodic Processing
2024-10-10 12:17:40,020 - basicLogger - INFO - Start Periodic Processing
2024-10-10 12:17:45,004 - basicLogger - INFO - Start Periodic Processing
2024-10-10 12:17:50,011 - basicLogger - INFO - Start Periodic Processing
2024-10-10 12:17:55,014 - basicLogger - INFO - Start Periodic Processing
2024-10-10 12:18:03,909 - basicLogger - INFO - Start Periodic Processing
2024-10-10 12:18:08,924 - basicLogger - INFO - Start Periodic Processing
2024-10-10 12:18:35,817 - basicLogger - INFO - Start Periodic Processing
2024-10-10 12:18:40,819 - basicLogger - INFO - Start Periodic Processing
2024-10-10 12:18:45,813 - basicLogger - INFO - Start Periodic Processing
2024-10-10 12:18:55,748 - basicLogger - INFO - Start Periodic Processing
2024-10-10 12:19:00,755 - basicLogger - INFO - Start Periodic Processing
2024-10-10 12:20:13,986 - basicLogger - INFO - Start Periodic Processing
2024-10-10 12:20:18,987 - basicLogger - INFO - Start Periodic Processing
2024-10-10 12:20:51,904 - basicLogger - INFO - Start Periodic Processing
2024-10-10 12:20:56,914 - basicLogger - INFO - Start Periodic Processing
2024-10-10 12:22:56,398 - basicLogger - INFO - Start Periodic Processing
2024-10-10 12:23:00,544 - basicLogger - ERROR - Failed get method
2024-10-10 12:23:00,545 - basicLogger - DEBUG - Updated statistics: {'num_ec_readings': 203, 'min_ec_reading': 160, 'max_ec_reading': 204, 'num_temp_readings': 200, 'min_temp_reading': 9, 'max_temp_reading': 26, 'last_updated': '2024-10-10T11:59:45'}
2024-10-10 12:23:00,545 - basicLogger - INFO - Periodic processing has completed
2024-10-10 12:23:01,392 - basicLogger - INFO - Start Periodic Processing
2024-10-10 12:23:05,490 - basicLogger - ERROR - Failed get method
2024-10-10 12:23:05,492 - basicLogger - DEBUG - Updated statistics: {'num_ec_readings': 203, 'min_ec_reading': 160, 'max_ec_reading': 204, 'num_temp_readings': 200, 'min_temp_reading': 9, 'max_temp_reading': 26, 'last_updated': '2024-10-10T11:59:45'}
2024-10-10 12:23:05,493 - basicLogger - INFO - Periodic processing has completed
2024-10-10 12:23:06,400 - basicLogger - INFO - Start Periodic Processing
2024-10-10 12:23:10,508 - basicLogger - ERROR - Failed get method
2024-10-10 12:23:10,510 - basicLogger - DEBUG - Updated statistics: {'num_ec_readings': 203, 'min_ec_reading': 160, 'max_ec_reading': 204, 'num_temp_readings': 200, 'min_temp_reading': 9, 'max_temp_reading': 26, 'last_updated': '2024-10-10T11:59:45'}
2024-10-10 12:23:10,511 - basicLogger - INFO - Periodic processing has completed
2024-10-10 12:23:11,389 - basicLogger - INFO - Start Periodic Processing
2024-10-10 12:23:15,488 - basicLogger - ERROR - Failed get method
2024-10-10 12:23:15,490 - basicLogger - DEBUG - Updated statistics: {'num_ec_readings': 203, 'min_ec_reading': 160, 'max_ec_reading': 204, 'num_temp_readings': 200, 'min_temp_reading': 9, 'max_temp_reading': 26, 'last_updated': '2024-10-10T11:59:45'}
2024-10-10 12:23:15,491 - basicLogger - INFO - Periodic processing has completed
2024-10-10 12:23:16,397 - basicLogger - INFO - Start Periodic Processing
2024-10-10 12:23:20,477 - basicLogger - ERROR - Failed get method
2024-10-10 12:23:20,478 - basicLogger - DEBUG - Updated statistics: {'num_ec_readings': 203, 'min_ec_reading': 160, 'max_ec_reading': 204, 'num_temp_readings': 200, 'min_temp_reading': 9, 'max_temp_reading': 26, 'last_updated': '2024-10-10T11:59:45'}
2024-10-10 12:23:20,478 - basicLogger - INFO - Periodic processing has completed
2024-10-10 12:28:46,251 - basicLogger - INFO - Start Periodic Processing
2024-10-10 12:28:50,390 - basicLogger - ERROR - Failed get method
2024-10-10 12:28:50,391 - basicLogger - DEBUG - Updated statistics: {'num_ec_readings': 203, 'min_ec_reading': 160, 'max_ec_reading': 204, 'num_temp_readings': 200, 'min_temp_reading': 9, 'max_temp_reading': 26, 'last_updated': '2024-10-10T11:59:45'}
2024-10-10 12:28:50,392 - basicLogger - INFO - Periodic processing has completed
2024-10-10 12:28:51,254 - basicLogger - INFO - Start Periodic Processing
2024-10-10 12:28:55,365 - basicLogger - ERROR - Failed get method
2024-10-10 12:28:55,366 - basicLogger - DEBUG - Updated statistics: {'num_ec_readings': 203, 'min_ec_reading': 160, 'max_ec_reading': 204, 'num_temp_readings': 200, 'min_temp_reading': 9, 'max_temp_reading': 26, 'last_updated': '2024-10-10T11:59:45'}
2024-10-10 12:28:55,367 - basicLogger - INFO - Periodic processing has completed
2024-10-10 12:28:56,261 - basicLogger - INFO - Start Periodic Processing
2024-10-10 12:29:00,343 - basicLogger - ERROR - Failed get method
2024-10-10 12:29:00,344 - basicLogger - DEBUG - Updated statistics: {'num_ec_readings': 203, 'min_ec_reading': 160, 'max_ec_reading': 204, 'num_temp_readings': 200, 'min_temp_reading': 9, 'max_temp_reading': 26, 'last_updated': '2024-10-10T11:59:45'}
2024-10-10 12:29:00,345 - basicLogger - INFO - Periodic processing has completed
2024-10-10 12:29:01,252 - basicLogger - INFO - Start Periodic Processing
2024-10-10 12:29:05,360 - basicLogger - ERROR - Failed get method
2024-10-10 12:29:05,360 - basicLogger - DEBUG - Updated statistics: {'num_ec_readings': 203, 'min_ec_reading': 160, 'max_ec_reading': 204, 'num_temp_readings': 200, 'min_temp_reading': 9, 'max_temp_reading': 26, 'last_updated': '2024-10-10T11:59:45'}
2024-10-10 12:29:05,360 - basicLogger - INFO - Periodic processing has completed
2024-10-10 12:34:26,119 - basicLogger - INFO - Start Periodic Processing
2024-10-10 12:34:30,264 - basicLogger - ERROR - Failed get method
2024-10-10 12:34:30,266 - basicLogger - DEBUG - Updated statistics: {'num_ec_readings': 203, 'min_ec_reading': 160, 'max_ec_reading': 204, 'num_temp_readings': 200, 'min_temp_reading': 9, 'max_temp_reading': 26, 'last_updated': '2024-10-10T11:59:45'}
2024-10-10 12:34:30,267 - basicLogger - INFO - Periodic processing has completed
2024-10-10 12:34:31,109 - basicLogger - INFO - Start Periodic Processing
2024-10-10 12:34:35,230 - basicLogger - ERROR - Failed get method
2024-10-10 12:34:35,231 - basicLogger - DEBUG - Updated statistics: {'num_ec_readings': 203, 'min_ec_reading': 160, 'max_ec_reading': 204, 'num_temp_readings': 200, 'min_temp_reading': 9, 'max_temp_reading': 26, 'last_updated': '2024-10-10T11:59:45'}
2024-10-10 12:34:35,233 - basicLogger - INFO - Periodic processing has completed
2024-10-10 12:34:36,116 - basicLogger - INFO - Start Periodic Processing
2024-10-10 12:34:40,218 - basicLogger - ERROR - Failed get method
2024-10-10 12:34:40,219 - basicLogger - DEBUG - Updated statistics: {'num_ec_readings': 203, 'min_ec_reading': 160, 'max_ec_reading': 204, 'num_temp_readings': 200, 'min_temp_reading': 9, 'max_temp_reading': 26, 'last_updated': '2024-10-10T11:59:45'}
2024-10-10 12:34:40,220 - basicLogger - INFO - Periodic processing has completed
2024-10-10 12:34:41,111 - basicLogger - INFO - Start Periodic Processing
2024-10-10 12:34:45,217 - basicLogger - ERROR - Failed get method
2024-10-10 12:34:45,218 - basicLogger - DEBUG - Updated statistics: {'num_ec_readings': 203, 'min_ec_reading': 160, 'max_ec_reading': 204, 'num_temp_readings': 200, 'min_temp_reading': 9, 'max_temp_reading': 26, 'last_updated': '2024-10-10T11:59:45'}
2024-10-10 12:34:45,220 - basicLogger - INFO - Periodic processing has completed
2024-10-10 12:34:46,110 - basicLogger - INFO - Start Periodic Processing
2024-10-10 12:34:50,206 - basicLogger - ERROR - Failed get method
2024-10-10 12:34:50,207 - basicLogger - DEBUG - Updated statistics: {'num_ec_readings': 203, 'min_ec_reading': 160, 'max_ec_reading': 204, 'num_temp_readings': 200, 'min_temp_reading': 9, 'max_temp_reading': 26, 'last_updated': '2024-10-10T11:59:45'}
2024-10-10 12:34:50,208 - basicLogger - INFO - Periodic processing has completed
2024-10-10 12:34:51,112 - basicLogger - INFO - Start Periodic Processing
2024-10-10 12:34:55,234 - basicLogger - ERROR - Failed get method
2024-10-10 12:34:55,236 - basicLogger - DEBUG - Updated statistics: {'num_ec_readings': 203, 'min_ec_reading': 160, 'max_ec_reading': 204, 'num_temp_readings': 200, 'min_temp_reading': 9, 'max_temp_reading': 26, 'last_updated': '2024-10-10T11:59:45'}
2024-10-10 12:34:55,237 - basicLogger - INFO - Periodic processing has completed
2024-10-10 12:34:56,114 - basicLogger - INFO - Start Periodic Processing
2024-10-10 12:35:00,221 - basicLogger - ERROR - Failed get method
2024-10-10 12:35:00,222 - basicLogger - DEBUG - Updated statistics: {'num_ec_readings': 203, 'min_ec_reading': 160, 'max_ec_reading': 204, 'num_temp_readings': 200, 'min_temp_reading': 9, 'max_temp_reading': 26, 'last_updated': '2024-10-10T11:59:45'}
2024-10-10 12:35:00,223 - basicLogger - INFO - Periodic processing has completed
2024-10-10 12:35:01,113 - basicLogger - INFO - Start Periodic Processing
2024-10-10 12:35:05,219 - basicLogger - ERROR - Failed get method
2024-10-10 12:35:05,220 - basicLogger - DEBUG - Updated statistics: {'num_ec_readings': 203, 'min_ec_reading': 160, 'max_ec_reading': 204, 'num_temp_readings': 200, 'min_temp_reading': 9, 'max_temp_reading': 26, 'last_updated': '2024-10-10T11:59:45'}
2024-10-10 12:35:05,222 - basicLogger - INFO - Periodic processing has completed
2024-10-10 12:35:06,111 - basicLogger - INFO - Start Periodic Processing
2024-10-10 12:35:10,217 - basicLogger - ERROR - Failed get method
2024-10-10 12:35:10,218 - basicLogger - DEBUG - Updated statistics: {'num_ec_readings': 203, 'min_ec_reading': 160, 'max_ec_reading': 204, 'num_temp_readings': 200, 'min_temp_reading': 9, 'max_temp_reading': 26, 'last_updated': '2024-10-10T11:59:45'}
2024-10-10 12:35:10,219 - basicLogger - INFO - Periodic processing has completed
2024-10-10 12:35:11,117 - basicLogger - INFO - Start Periodic Processing
2024-10-10 12:35:15,192 - basicLogger - ERROR - Failed get method
2024-10-10 12:35:15,192 - basicLogger - DEBUG - Updated statistics: {'num_ec_readings': 203, 'min_ec_reading': 160, 'max_ec_reading': 204, 'num_temp_readings': 200, 'min_temp_reading': 9, 'max_temp_reading': 26, 'last_updated': '2024-10-10T11:59:45'}
2024-10-10 12:35:15,194 - basicLogger - INFO - Periodic processing has completed
2024-10-10 12:35:16,108 - basicLogger - INFO - Start Periodic Processing
2024-10-10 12:35:20,190 - basicLogger - ERROR - Failed get method
2024-10-10 12:35:20,191 - basicLogger - DEBUG - Updated statistics: {'num_ec_readings': 203, 'min_ec_reading': 160, 'max_ec_reading': 204, 'num_temp_readings': 200, 'min_temp_reading': 9, 'max_temp_reading': 26, 'last_updated': '2024-10-10T11:59:45'}
2024-10-10 12:35:20,193 - basicLogger - INFO - Periodic processing has completed
2024-10-10 12:35:21,112 - basicLogger - INFO - Start Periodic Processing
2024-10-10 12:35:25,202 - basicLogger - ERROR - Failed get method
2024-10-10 12:35:25,204 - basicLogger - DEBUG - Updated statistics: {'num_ec_readings': 203, 'min_ec_reading': 160, 'max_ec_reading': 204, 'num_temp_readings': 200, 'min_temp_reading': 9, 'max_temp_reading': 26, 'last_updated': '2024-10-10T11:59:45'}
2024-10-10 12:35:25,204 - basicLogger - INFO - Periodic processing has completed
2024-10-10 12:35:26,121 - basicLogger - INFO - Start Periodic Processing
2024-10-10 12:35:30,218 - basicLogger - ERROR - Failed get method
2024-10-10 12:35:30,220 - basicLogger - DEBUG - Updated statistics: {'num_ec_readings': 203, 'min_ec_reading': 160, 'max_ec_reading': 204, 'num_temp_readings': 200, 'min_temp_reading': 9, 'max_temp_reading': 26, 'last_updated': '2024-10-10T11:59:45'}
2024-10-10 12:35:30,221 - basicLogger - INFO - Periodic processing has completed
2024-10-10 12:35:31,116 - basicLogger - INFO - Start Periodic Processing
2024-10-10 12:35:35,214 - basicLogger - ERROR - Failed get method
2024-10-10 12:35:35,215 - basicLogger - DEBUG - Updated statistics: {'num_ec_readings': 203, 'min_ec_reading': 160, 'max_ec_reading': 204, 'num_temp_readings': 200, 'min_temp_reading': 9, 'max_temp_reading': 26, 'last_updated': '2024-10-10T11:59:45'}
2024-10-10 12:35:35,216 - basicLogger - INFO - Periodic processing has completed
2024-10-10 12:35:36,118 - basicLogger - INFO - Start Periodic Processing
2024-10-10 12:35:40,209 - basicLogger - ERROR - Failed get method
2024-10-10 12:35:40,211 - basicLogger - DEBUG - Updated statistics: {'num_ec_readings': 203, 'min_ec_reading': 160, 'max_ec_reading': 204, 'num_temp_readings': 200, 'min_temp_reading': 9, 'max_temp_reading': 26, 'last_updated': '2024-10-10T11:59:45'}
2024-10-10 12:35:40,212 - basicLogger - INFO - Periodic processing has completed
2024-10-10 12:35:41,116 - basicLogger - INFO - Start Periodic Processing
2024-10-10 12:35:45,212 - basicLogger - ERROR - Failed get method
2024-10-10 12:35:45,212 - basicLogger - DEBUG - Updated statistics: {'num_ec_readings': 203, 'min_ec_reading': 160, 'max_ec_reading': 204, 'num_temp_readings': 200, 'min_temp_reading': 9, 'max_temp_reading': 26, 'last_updated': '2024-10-10T11:59:45'}
2024-10-10 12:35:45,213 - basicLogger - INFO - Periodic processing has completed
2024-10-10 12:35:46,115 - basicLogger - INFO - Start Periodic Processing
2024-10-10 12:35:50,206 - basicLogger - ERROR - Failed get method
2024-10-10 12:35:50,207 - basicLogger - DEBUG - Updated statistics: {'num_ec_readings': 203, 'min_ec_reading': 160, 'max_ec_reading': 204, 'num_temp_readings': 200, 'min_temp_reading': 9, 'max_temp_reading': 26, 'last_updated': '2024-10-10T11:59:45'}
2024-10-10 12:35:50,208 - basicLogger - INFO - Periodic processing has completed
2024-10-10 12:35:51,119 - basicLogger - INFO - Start Periodic Processing
2024-10-10 12:35:55,213 - basicLogger - ERROR - Failed get method
2024-10-10 12:35:55,214 - basicLogger - DEBUG - Updated statistics: {'num_ec_readings': 203, 'min_ec_reading': 160, 'max_ec_reading': 204, 'num_temp_readings': 200, 'min_temp_reading': 9, 'max_temp_reading': 26, 'last_updated': '2024-10-10T11:59:45'}
2024-10-10 12:35:55,215 - basicLogger - INFO - Periodic processing has completed
2024-10-10 12:35:56,119 - basicLogger - INFO - Start Periodic Processing
2024-10-10 12:36:00,213 - basicLogger - ERROR - Failed get method
2024-10-10 12:36:00,214 - basicLogger - DEBUG - Updated statistics: {'num_ec_readings': 203, 'min_ec_reading': 160, 'max_ec_reading': 204, 'num_temp_readings': 200, 'min_temp_reading': 9, 'max_temp_reading': 26, 'last_updated': '2024-10-10T11:59:45'}
2024-10-10 12:36:00,216 - basicLogger - INFO - Periodic processing has completed
2024-10-10 12:36:01,116 - basicLogger - INFO - Start Periodic Processing
2024-10-10 12:36:05,201 - basicLogger - ERROR - Failed get method
2024-10-10 12:36:05,202 - basicLogger - DEBUG - Updated statistics: {'num_ec_readings': 203, 'min_ec_reading': 160, 'max_ec_reading': 204, 'num_temp_readings': 200, 'min_temp_reading': 9, 'max_temp_reading': 26, 'last_updated': '2024-10-10T11:59:45'}
2024-10-10 12:36:05,203 - basicLogger - INFO - Periodic processing has completed
2024-10-10 12:36:06,120 - basicLogger - INFO - Start Periodic Processing
2024-10-10 12:36:10,167 - basicLogger - ERROR - Failed get method
2024-10-10 12:36:10,169 - basicLogger - DEBUG - Updated statistics: {'num_ec_readings': 203, 'min_ec_reading': 160, 'max_ec_reading': 204, 'num_temp_readings': 200, 'min_temp_reading': 9, 'max_temp_reading': 26, 'last_updated': '2024-10-10T11:59:45'}
2024-10-10 12:36:10,170 - basicLogger - INFO - Periodic processing has completed
2024-10-10 12:36:11,117 - basicLogger - INFO - Start Periodic Processing
2024-10-10 12:36:15,201 - basicLogger - ERROR - Failed get method
2024-10-10 12:36:15,203 - basicLogger - DEBUG - Updated statistics: {'num_ec_readings': 203, 'min_ec_reading': 160, 'max_ec_reading': 204, 'num_temp_readings': 200, 'min_temp_reading': 9, 'max_temp_reading': 26, 'last_updated': '2024-10-10T11:59:45'}
2024-10-10 12:36:15,204 - basicLogger - INFO - Periodic processing has completed
2024-10-10 12:36:16,122 - basicLogger - INFO - Start Periodic Processing
2024-10-10 15:54:50,838 - basicLogger - INFO - Start Periodic Processing
2024-10-10 15:54:54,970 - basicLogger - ERROR - Failed get method
2024-10-10 15:54:54,971 - basicLogger - DEBUG - Updated statistics: {'num_ec_readings': 203, 'min_ec_reading': 160, 'max_ec_reading': 204, 'num_temp_readings': 200, 'min_temp_reading': 9, 'max_temp_reading': 26, 'last_updated': '2024-10-10T11:59:45'}
2024-10-10 15:54:54,971 - basicLogger - INFO - Periodic processing has completed
2024-10-10 15:54:55,833 - basicLogger - INFO - Start Periodic Processing
2024-10-10 15:54:59,929 - basicLogger - ERROR - Failed get method
2024-10-10 15:54:59,930 - basicLogger - DEBUG - Updated statistics: {'num_ec_readings': 203, 'min_ec_reading': 160, 'max_ec_reading': 204, 'num_temp_readings': 200, 'min_temp_reading': 9, 'max_temp_reading': 26, 'last_updated': '2024-10-10T11:59:45'}
2024-10-10 15:54:59,930 - basicLogger - INFO - Periodic processing has completed
2024-10-10 15:55:00,833 - basicLogger - INFO - Start Periodic Processing
2024-10-10 15:55:04,921 - basicLogger - ERROR - Failed get method
2024-10-10 15:55:04,922 - basicLogger - DEBUG - Updated statistics: {'num_ec_readings': 203, 'min_ec_reading': 160, 'max_ec_reading': 204, 'num_temp_readings': 200, 'min_temp_reading': 9, 'max_temp_reading': 26, 'last_updated': '2024-10-10T11:59:45'}
2024-10-10 15:55:04,922 - basicLogger - INFO - Periodic processing has completed
2024-10-10 15:55:05,837 - basicLogger - INFO - Start Periodic Processing
2024-10-10 15:55:09,940 - basicLogger - ERROR - Failed get method
2024-10-10 15:55:09,940 - basicLogger - DEBUG - Updated statistics: {'num_ec_readings': 203, 'min_ec_reading': 160, 'max_ec_reading': 204, 'num_temp_readings': 200, 'min_temp_reading': 9, 'max_temp_reading': 26, 'last_updated': '2024-10-10T11:59:45'}
2024-10-10 15:55:09,941 - basicLogger - INFO - Periodic processing has completed
2024-10-10 16:00:41,525 - basicLogger - INFO - Start Periodic Processing
2024-10-10 16:00:45,632 - basicLogger - ERROR - Failed get method
2024-10-10 16:00:45,633 - basicLogger - DEBUG - Updated statistics: {'num_ec_readings': 203, 'min_ec_reading': 160, 'max_ec_reading': 204, 'num_temp_readings': 200, 'min_temp_reading': 9, 'max_temp_reading': 26, 'last_updated': '2024-10-10T11:59:45'}
2024-10-10 16:00:45,633 - basicLogger - INFO - Periodic processing has completed
2024-10-10 16:00:46,513 - basicLogger - INFO - Start Periodic Processing
2024-10-10 16:00:50,600 - basicLogger - ERROR - Failed get method
2024-10-10 16:00:50,600 - basicLogger - DEBUG - Updated statistics: {'num_ec_readings': 203, 'min_ec_reading': 160, 'max_ec_reading': 204, 'num_temp_readings': 200, 'min_temp_reading': 9, 'max_temp_reading': 26, 'last_updated': '2024-10-10T11:59:45'}
2024-10-10 16:00:50,601 - basicLogger - INFO - Periodic processing has completed
2024-10-10 16:02:17,864 - basicLogger - INFO - Start Periodic Processing
2024-10-10 16:02:21,971 - basicLogger - ERROR - Failed get method
2024-10-10 16:02:21,972 - basicLogger - DEBUG - Updated statistics: {'num_ec_readings': 203, 'min_ec_reading': 160, 'max_ec_reading': 204, 'num_temp_readings': 200, 'min_temp_reading': 9, 'max_temp_reading': 26, 'last_updated': '2024-10-10 16:00:41.526452'}
2024-10-10 16:02:21,974 - basicLogger - INFO - Periodic processing has completed
2024-10-10 16:02:22,853 - basicLogger - INFO - Start Periodic Processing
2024-10-10 16:02:26,949 - basicLogger - ERROR - Failed get method
2024-10-10 16:02:26,950 - basicLogger - DEBUG - Updated statistics: {'num_ec_readings': 203, 'min_ec_reading': 160, 'max_ec_reading': 204, 'num_temp_readings': 200, 'min_temp_reading': 9, 'max_temp_reading': 26, 'last_updated': '2024-10-10 16:00:41.526452'}
2024-10-10 16:02:26,950 - basicLogger - INFO - Periodic processing has completed
2024-10-10 16:02:27,863 - basicLogger - INFO - Start Periodic Processing
2024-10-10 16:02:31,947 - basicLogger - ERROR - Failed get method
2024-10-10 16:02:31,948 - basicLogger - DEBUG - Updated statistics: {'num_ec_readings': 203, 'min_ec_reading': 160, 'max_ec_reading': 204, 'num_temp_readings': 200, 'min_temp_reading': 9, 'max_temp_reading': 26, 'last_updated': '2024-10-10 16:00:41.526452'}
2024-10-10 16:02:31,948 - basicLogger - INFO - Periodic processing has completed
2024-10-10 16:02:32,864 - basicLogger - INFO - Start Periodic Processing
2024-10-10 16:02:36,948 - basicLogger - ERROR - Failed get method
2024-10-10 16:02:36,948 - basicLogger - DEBUG - Updated statistics: {'num_ec_readings': 203, 'min_ec_reading': 160, 'max_ec_reading': 204, 'num_temp_readings': 200, 'min_temp_reading': 9, 'max_temp_reading': 26, 'last_updated': '2024-10-10 16:00:41.526452'}
2024-10-10 16:02:36,950 - basicLogger - INFO - Periodic processing has completed
2024-10-10 16:03:27,963 - basicLogger - INFO - Start Periodic Processing
2024-10-10 16:03:32,084 - basicLogger - ERROR - Failed get method
2024-10-10 16:03:32,085 - basicLogger - DEBUG - Updated statistics: {'num_ec_readings': 203, 'min_ec_reading': 160, 'max_ec_reading': 204, 'num_temp_readings': 200, 'min_temp_reading': 9, 'max_temp_reading': 26, 'last_updated': '2024-10-10 16:00:41.526452'}
2024-10-10 16:03:32,085 - basicLogger - INFO - Periodic processing has completed
2024-10-10 16:03:32,961 - basicLogger - INFO - Start Periodic Processing
2024-10-10 16:03:37,057 - basicLogger - ERROR - Failed get method
2024-10-10 16:03:37,057 - basicLogger - DEBUG - Updated statistics: {'num_ec_readings': 203, 'min_ec_reading': 160, 'max_ec_reading': 204, 'num_temp_readings': 200, 'min_temp_reading': 9, 'max_temp_reading': 26, 'last_updated': '2024-10-10 16:00:41.526452'}
2024-10-10 16:03:37,057 - basicLogger - INFO - Periodic processing has completed
2024-10-10 16:03:37,959 - basicLogger - INFO - Start Periodic Processing
2024-10-10 16:03:42,058 - basicLogger - ERROR - Failed get method
2024-10-10 16:03:42,059 - basicLogger - DEBUG - Updated statistics: {'num_ec_readings': 203, 'min_ec_reading': 160, 'max_ec_reading': 204, 'num_temp_readings': 200, 'min_temp_reading': 9, 'max_temp_reading': 26, 'last_updated': '2024-10-10 16:00:41.526452'}
2024-10-10 16:03:42,059 - basicLogger - INFO - Periodic processing has completed
2024-10-10 16:07:34,143 - basicLogger - INFO - Start Periodic Processing
2024-10-10 16:07:38,245 - basicLogger - ERROR - Failed get method
2024-10-10 16:07:38,245 - basicLogger - DEBUG - Updated statistics: {'num_ec_readings': 203, 'min_ec_reading': 160, 'max_ec_reading': 204, 'num_temp_readings': 200, 'min_temp_reading': 9, 'max_temp_reading': 26, 'last_updated': '2024-10-10 16:00:41.526452'}
2024-10-10 16:07:38,245 - basicLogger - INFO - Periodic processing has completed
2024-10-10 16:07:39,133 - basicLogger - INFO - Start Periodic Processing
2024-10-10 16:07:43,244 - basicLogger - ERROR - Failed get method
2024-10-10 16:07:43,244 - basicLogger - DEBUG - Updated statistics: {'num_ec_readings': 203, 'min_ec_reading': 160, 'max_ec_reading': 204, 'num_temp_readings': 200, 'min_temp_reading': 9, 'max_temp_reading': 26, 'last_updated': '2024-10-10 16:00:41.526452'}
2024-10-10 16:07:43,244 - basicLogger - INFO - Periodic processing has completed
2024-10-10 16:07:44,144 - basicLogger - INFO - Start Periodic Processing
2024-10-10 16:07:48,240 - basicLogger - ERROR - Failed get method
2024-10-10 16:07:48,240 - basicLogger - DEBUG - Updated statistics: {'num_ec_readings': 203, 'min_ec_reading': 160, 'max_ec_reading': 204, 'num_temp_readings': 200, 'min_temp_reading': 9, 'max_temp_reading': 26, 'last_updated': '2024-10-10 16:00:41.526452'}
2024-10-10 16:07:48,240 - basicLogger - INFO - Periodic processing has completed
2024-10-10 16:12:36,047 - basicLogger - INFO - Start Periodic Processing
2024-10-10 16:12:40,163 - basicLogger - ERROR - Failed get method
2024-10-10 16:12:40,164 - basicLogger - DEBUG - Updated statistics: {'num_ec_readings': 203, 'min_ec_reading': 160, 'max_ec_reading': 204, 'num_temp_readings': 200, 'min_temp_reading': 9, 'max_temp_reading': 26, 'last_updated': '2024-10-10 16:00:41.526452'}
2024-10-10 16:12:40,165 - basicLogger - INFO - Periodic processing has completed
2024-10-10 16:12:41,044 - basicLogger - INFO - Start Periodic Processing
2024-10-10 16:12:45,153 - basicLogger - ERROR - Failed get method
2024-10-10 16:12:45,154 - basicLogger - DEBUG - Updated statistics: {'num_ec_readings': 203, 'min_ec_reading': 160, 'max_ec_reading': 204, 'num_temp_readings': 200, 'min_temp_reading': 9, 'max_temp_reading': 26, 'last_updated': '2024-10-10 16:00:41.526452'}
2024-10-10 16:12:45,154 - basicLogger - INFO - Periodic processing has completed
2024-10-10 16:12:46,046 - basicLogger - INFO - Start Periodic Processing
2024-10-10 16:12:50,136 - basicLogger - ERROR - Failed get method
2024-10-10 16:12:50,137 - basicLogger - DEBUG - Updated statistics: {'num_ec_readings': 203, 'min_ec_reading': 160, 'max_ec_reading': 204, 'num_temp_readings': 200, 'min_temp_reading': 9, 'max_temp_reading': 26, 'last_updated': '2024-10-10 16:00:41.526452'}
2024-10-10 16:12:50,137 - basicLogger - INFO - Periodic processing has completed
2024-10-10 16:14:20,879 - basicLogger - INFO - Start Periodic Processing
2024-10-10 16:14:24,980 - basicLogger - ERROR - Failed get method
2024-10-10 16:14:24,981 - basicLogger - DEBUG - Updated statistics: {'num_ec_readings': 203, 'min_ec_reading': 160, 'max_ec_reading': 204, 'num_temp_readings': 200, 'min_temp_reading': 9, 'max_temp_reading': 26, 'last_updated': '2024-10-10 13:00:41.526452'}
2024-10-10 16:14:24,982 - basicLogger - INFO - Periodic processing has completed
2024-10-10 16:14:25,880 - basicLogger - INFO - Start Periodic Processing
2024-10-10 16:14:29,957 - basicLogger - ERROR - Failed get method
2024-10-10 16:14:29,957 - basicLogger - DEBUG - Updated statistics: {'num_ec_readings': 203, 'min_ec_reading': 160, 'max_ec_reading': 204, 'num_temp_readings': 200, 'min_temp_reading': 9, 'max_temp_reading': 26, 'last_updated': '2024-10-10 13:00:41.526452'}
2024-10-10 16:14:29,958 - basicLogger - INFO - Periodic processing has completed
2024-10-10 16:14:30,885 - basicLogger - INFO - Start Periodic Processing
2024-10-10 16:14:34,978 - basicLogger - ERROR - Failed get method
2024-10-10 16:14:34,978 - basicLogger - DEBUG - Updated statistics: {'num_ec_readings': 203, 'min_ec_reading': 160, 'max_ec_reading': 204, 'num_temp_readings': 200, 'min_temp_reading': 9, 'max_temp_reading': 26, 'last_updated': '2024-10-10 13:00:41.526452'}
2024-10-10 16:14:34,978 - basicLogger - INFO - Periodic processing has completed
2024-10-10 16:17:07,828 - basicLogger - INFO - Start Periodic Processing
2024-10-10 16:17:11,921 - basicLogger - ERROR - Failed get method
2024-10-10 16:17:11,922 - basicLogger - DEBUG - Updated statistics: {'num_ec_readings': 203, 'min_ec_reading': 160, 'max_ec_reading': 204, 'num_temp_readings': 200, 'min_temp_reading': 9, 'max_temp_reading': 26, 'last_updated': '2024-10-10 13:00:41.526452'}
2024-10-10 16:17:11,922 - basicLogger - INFO - Periodic processing has completed
2024-10-10 16:17:12,825 - basicLogger - INFO - Start Periodic Processing
2024-10-10 16:17:16,906 - basicLogger - ERROR - Failed get method
2024-10-10 16:17:16,906 - basicLogger - DEBUG - Updated statistics: {'num_ec_readings': 203, 'min_ec_reading': 160, 'max_ec_reading': 204, 'num_temp_readings': 200, 'min_temp_reading': 9, 'max_temp_reading': 26, 'last_updated': '2024-10-10 13:00:41.526452'}
2024-10-10 16:17:16,907 - basicLogger - INFO - Periodic processing has completed
2024-10-10 16:19:24,691 - basicLogger - INFO - Start Periodic Processing
2024-10-10 16:19:28,789 - basicLogger - ERROR - Failed get method
2024-10-10 16:19:28,789 - basicLogger - DEBUG - Updated statistics: {'num_ec_readings': 203, 'min_ec_reading': 160, 'max_ec_reading': 204, 'num_temp_readings': 200, 'min_temp_reading': 9, 'max_temp_reading': 26, 'last_updated': '2024-10-10 13:00:41.526452'}
2024-10-10 16:19:28,790 - basicLogger - INFO - Periodic processing has completed
2024-10-10 16:19:29,681 - basicLogger - INFO - Start Periodic Processing
2024-10-10 16:19:33,785 - basicLogger - ERROR - Failed get method
2024-10-10 16:19:33,785 - basicLogger - DEBUG - Updated statistics: {'num_ec_readings': 203, 'min_ec_reading': 160, 'max_ec_reading': 204, 'num_temp_readings': 200, 'min_temp_reading': 9, 'max_temp_reading': 26, 'last_updated': '2024-10-10 13:00:41.526452'}
2024-10-10 16:19:33,786 - basicLogger - INFO - Periodic processing has completed
2024-10-10 16:20:25,170 - basicLogger - INFO - Start Periodic Processing
2024-10-10 16:20:29,279 - basicLogger - ERROR - Failed get method
2024-10-10 16:20:29,280 - basicLogger - DEBUG - Updated statistics: {'num_ec_readings': 203, 'min_ec_reading': 160, 'max_ec_reading': 204, 'num_temp_readings': 200, 'min_temp_reading': 9, 'max_temp_reading': 26, 'last_updated': '2024-10-10 13:00:41.526452'}
2024-10-10 16:20:29,280 - basicLogger - INFO - Periodic processing has completed
2024-10-10 16:20:30,173 - basicLogger - INFO - Start Periodic Processing
2024-10-10 16:20:34,248 - basicLogger - ERROR - Failed get method
2024-10-10 16:20:34,248 - basicLogger - DEBUG - Updated statistics: {'num_ec_readings': 203, 'min_ec_reading': 160, 'max_ec_reading': 204, 'num_temp_readings': 200, 'min_temp_reading': 9, 'max_temp_reading': 26, 'last_updated': '2024-10-10 13:00:41.526452'}
2024-10-10 16:20:34,248 - basicLogger - INFO - Periodic processing has completed
2024-10-10 16:21:52,240 - basicLogger - INFO - Start Periodic Processing
2024-10-10 16:21:56,351 - basicLogger - ERROR - Failed get method
2024-10-10 16:21:56,351 - basicLogger - DEBUG - Updated statistics: {'num_ec_readings': 203, 'min_ec_reading': 160, 'max_ec_reading': 204, 'num_temp_readings': 200, 'min_temp_reading': 9, 'max_temp_reading': 26, 'last_updated': '2024-10-10 13:00:41.526452'}
2024-10-10 16:21:56,351 - basicLogger - INFO - Periodic processing has completed
2024-10-10 16:21:57,239 - basicLogger - INFO - Start Periodic Processing
2024-10-10 16:22:01,326 - basicLogger - ERROR - Failed get method
2024-10-10 16:22:01,326 - basicLogger - DEBUG - Updated statistics: {'num_ec_readings': 203, 'min_ec_reading': 160, 'max_ec_reading': 204, 'num_temp_readings': 200, 'min_temp_reading': 9, 'max_temp_reading': 26, 'last_updated': '2024-10-10 13:00:41.526452'}
2024-10-10 16:22:01,327 - basicLogger - INFO - Periodic processing has completed
2024-10-10 16:29:28,186 - basicLogger - INFO - Start Periodic Processing
2024-10-10 16:29:32,381 - basicLogger - ERROR - Failed get method
2024-10-10 16:29:32,382 - basicLogger - DEBUG - Updated statistics: {'num_ec_readings': 203, 'min_ec_reading': 160, 'max_ec_reading': 204, 'num_temp_readings': 200, 'min_temp_reading': 9, 'max_temp_reading': 26, 'last_updated': '2024-10-10 13:00:41.526452'}
2024-10-10 16:29:32,383 - basicLogger - INFO - Periodic processing has completed
2024-10-10 16:29:33,181 - basicLogger - INFO - Start Periodic Processing
2024-10-10 16:29:37,269 - basicLogger - ERROR - Failed get method
2024-10-10 16:29:37,271 - basicLogger - DEBUG - Updated statistics: {'num_ec_readings': 203, 'min_ec_reading': 160, 'max_ec_reading': 204, 'num_temp_readings': 200, 'min_temp_reading': 9, 'max_temp_reading': 26, 'last_updated': '2024-10-10 13:00:41.526452'}
2024-10-10 16:29:37,272 - basicLogger - INFO - Periodic processing has completed
2024-10-10 16:32:14,832 - basicLogger - INFO - Start Periodic Processing
2024-10-10 16:32:18,939 - basicLogger - ERROR - Failed get method
2024-10-10 16:32:18,940 - basicLogger - DEBUG - Updated statistics: {'num_ec_readings': 203, 'min_ec_reading': 160, 'max_ec_reading': 204, 'num_temp_readings': 200, 'min_temp_reading': 9, 'max_temp_reading': 26, 'last_updated': '2024-10-10 13:00:41.526452'}
2024-10-10 16:32:18,941 - basicLogger - INFO - Periodic processing has completed
2024-10-10 16:32:19,838 - basicLogger - INFO - Start Periodic Processing
2024-10-10 16:32:23,947 - basicLogger - ERROR - Failed get method
2024-10-10 16:32:23,949 - basicLogger - DEBUG - Updated statistics: {'num_ec_readings': 203, 'min_ec_reading': 160, 'max_ec_reading': 204, 'num_temp_readings': 200, 'min_temp_reading': 9, 'max_temp_reading': 26, 'last_updated': '2024-10-10 13:00:41.526452'}
2024-10-10 16:32:23,950 - basicLogger - INFO - Periodic processing has completed
2024-10-10 16:33:55,444 - basicLogger - INFO - Start Periodic Processing
2024-10-10 16:33:59,692 - basicLogger - ERROR - Failed get method
2024-10-10 16:33:59,693 - basicLogger - DEBUG - Updated statistics: {'num_ec_readings': 203, 'min_ec_reading': 160, 'max_ec_reading': 204, 'num_temp_readings': 200, 'min_temp_reading': 9, 'max_temp_reading': 26, 'last_updated': '2024-10-10 13:00:41.526452'}
2024-10-10 16:33:59,694 - basicLogger - INFO - Periodic processing has completed
2024-10-10 16:34:00,432 - basicLogger - INFO - Start Periodic Processing
2024-10-10 16:34:04,551 - basicLogger - ERROR - Failed get method
2024-10-10 16:34:04,552 - basicLogger - DEBUG - Updated statistics: {'num_ec_readings': 203, 'min_ec_reading': 160, 'max_ec_reading': 204, 'num_temp_readings': 200, 'min_temp_reading': 9, 'max_temp_reading': 26, 'last_updated': '2024-10-10 13:00:41.526452'}
2024-10-10 16:34:04,553 - basicLogger - INFO - Periodic processing has completed
2024-10-10 16:35:03,362 - basicLogger - INFO - Start Periodic Processing
2024-10-10 16:35:07,559 - basicLogger - ERROR - Failed get method
2024-10-10 16:35:07,560 - basicLogger - DEBUG - Updated statistics: {'num_ec_readings': 203, 'min_ec_reading': 160, 'max_ec_reading': 204, 'num_temp_readings': 200, 'min_temp_reading': 9, 'max_temp_reading': 26, 'last_updated': '2024-10-10 13:00:41.526452'}
2024-10-10 16:35:07,561 - basicLogger - INFO - Periodic processing has completed
2024-10-10 16:35:08,356 - basicLogger - INFO - Start Periodic Processing
2024-10-10 16:35:12,466 - basicLogger - ERROR - Failed get method
2024-10-10 16:35:12,468 - basicLogger - DEBUG - Updated statistics: {'num_ec_readings': 203, 'min_ec_reading': 160, 'max_ec_reading': 204, 'num_temp_readings': 200, 'min_temp_reading': 9, 'max_temp_reading': 26, 'last_updated': '2024-10-10 13:00:41.526452'}
2024-10-10 16:35:12,469 - basicLogger - INFO - Periodic processing has completed
2024-10-10 16:39:20,094 - basicLogger - INFO - Start Periodic Processing
2024-10-10 16:39:24,232 - basicLogger - ERROR - Failed get method
2024-10-10 16:39:24,235 - basicLogger - DEBUG - Updated statistics: {'num_ec_readings': 203, 'min_ec_reading': 160, 'max_ec_reading': 204, 'num_temp_readings': 200, 'min_temp_reading': 9, 'max_temp_reading': 26, 'last_updated': '2024-10-10 13:00:41.526452'}
2024-10-10 16:39:24,236 - basicLogger - INFO - Periodic processing has completed
2024-10-10 16:39:25,088 - basicLogger - INFO - Start Periodic Processing
2024-10-10 16:39:29,235 - basicLogger - ERROR - Failed get method
2024-10-10 16:39:29,236 - basicLogger - DEBUG - Updated statistics: {'num_ec_readings': 203, 'min_ec_reading': 160, 'max_ec_reading': 204, 'num_temp_readings': 200, 'min_temp_reading': 9, 'max_temp_reading': 26, 'last_updated': '2024-10-10 13:00:41.526452'}
2024-10-10 16:39:29,237 - basicLogger - INFO - Periodic processing has completed
2024-10-10 16:46:20,859 - basicLogger - INFO - Start Periodic Processing
2024-10-10 16:46:25,851 - basicLogger - INFO - Start Periodic Processing
2024-10-10 16:46:30,865 - basicLogger - INFO - Start Periodic Processing
2024-10-10 16:46:35,859 - basicLogger - INFO - Start Periodic Processing
2024-10-10 16:46:40,861 - basicLogger - INFO - Start Periodic Processing
2024-10-10 16:46:45,855 - basicLogger - INFO - Start Periodic Processing
2024-10-10 16:54:37,347 - basicLogger - INFO - Start Periodic Processing
2024-10-10 16:54:42,334 - basicLogger - INFO - Start Periodic Processing
2024-10-10 16:54:47,344 - basicLogger - INFO - Start Periodic Processing
2024-10-10 16:54:52,335 - basicLogger - INFO - Start Periodic Processing
2024-10-10 16:54:57,331 - basicLogger - INFO - Start Periodic Processing
2024-10-10 16:55:02,344 - basicLogger - INFO - Start Periodic Processing
2024-10-10 16:55:07,336 - basicLogger - INFO - Start Periodic Processing
2024-10-10 16:55:12,345 - basicLogger - INFO - Start Periodic Processing
2024-10-10 16:55:17,335 - basicLogger - INFO - Start Periodic Processing
2024-10-10 16:55:22,340 - basicLogger - INFO - Start Periodic Processing
2024-10-10 16:55:27,347 - basicLogger - INFO - Start Periodic Processing
2024-10-10 16:55:32,338 - basicLogger - INFO - Start Periodic Processing
2024-10-10 16:57:16,826 - basicLogger - INFO - Start Periodic Processing
2024-10-10 16:57:21,827 - basicLogger - INFO - Start Periodic Processing
2024-10-10 16:57:26,824 - basicLogger - INFO - Start Periodic Processing
2024-10-10 17:02:20,483 - basicLogger - INFO - Start Periodic Processing
2024-10-10 17:02:25,472 - basicLogger - INFO - Start Periodic Processing
2024-10-10 17:02:30,476 - basicLogger - INFO - Start Periodic Processing
2024-10-10 17:02:35,477 - basicLogger - INFO - Start Periodic Processing
2024-10-10 17:02:40,485 - basicLogger - INFO - Start Periodic Processing
2024-10-10 17:04:16,543 - basicLogger - INFO - Start Periodic Processing
2024-10-10 17:04:21,540 - basicLogger - INFO - Start Periodic Processing
2024-10-10 17:04:26,553 - basicLogger - INFO - Start Periodic Processing
2024-10-10 17:07:10,092 - basicLogger - INFO - Start Periodic Processing
2024-10-10 17:07:15,100 - basicLogger - INFO - Start Periodic Processing
2024-10-10 17:07:20,101 - basicLogger - INFO - Start Periodic Processing
2024-10-10 17:07:25,090 - basicLogger - INFO - Start Periodic Processing
2024-10-10 17:07:30,102 - basicLogger - INFO - Start Periodic Processing
2024-10-10 17:10:23,270 - basicLogger - INFO - Start Periodic Processing
2024-10-10 17:10:28,266 - basicLogger - INFO - Start Periodic Processing
2024-10-10 17:10:33,271 - basicLogger - INFO - Start Periodic Processing
2024-10-10 17:10:50,309 - basicLogger - INFO - Start Periodic Processing
2024-10-10 17:10:55,305 - basicLogger - INFO - Start Periodic Processing
2024-10-10 17:11:00,300 - basicLogger - INFO - Start Periodic Processing
2024-10-10 17:13:03,057 - basicLogger - INFO - Start Periodic Processing
2024-10-10 17:13:07,211 - basicLogger - DEBUG - {'date_created': '2024-10-10 16:12:13.148662', 'device_id': '399bb13d-68d9-45fe-ab85-cab27a4434c8', 'energy_use': 19260, 'home_room': 'some_room', 'id': 14, 'timestamp_end': '2024-10-10 13:00:41.526452', 'timestamp_start': '2024-10-10 10:00:41.526452', 'trace_id': '27b1f07f-3586-4d19-810b-5354acae20ec'}
2024-10-10 17:13:07,211 - basicLogger - DEBUG - {'date_created': '2024-10-10 16:12:15.024686', 'device_id': 'e36a5f49-7251-4e3e-bef7-60a0a863b1ea', 'home_room': 'some_room', 'id': 11, 'temperature': 53893, 'timestamp': '2024-10-10 13:00:41.526452', 'trace_id': '28f96fab-27a1-4e80-9b0f-f247fea027e0'}
2024-10-10 17:13:08,055 - basicLogger - INFO - Start Periodic Processing
2024-10-10 17:13:12,190 - basicLogger - DEBUG - {'date_created': '2024-10-10 16:12:13.148662', 'device_id': '399bb13d-68d9-45fe-ab85-cab27a4434c8', 'energy_use': 19260, 'home_room': 'some_room', 'id': 14, 'timestamp_end': '2024-10-10 13:00:41.526452', 'timestamp_start': '2024-10-10 10:00:41.526452', 'trace_id': '27b1f07f-3586-4d19-810b-5354acae20ec'}
2024-10-10 17:13:12,191 - basicLogger - DEBUG - {'date_created': '2024-10-10 16:12:15.024686', 'device_id': 'e36a5f49-7251-4e3e-bef7-60a0a863b1ea', 'home_room': 'some_room', 'id': 11, 'temperature': 53893, 'timestamp': '2024-10-10 13:00:41.526452', 'trace_id': '28f96fab-27a1-4e80-9b0f-f247fea027e0'}
2024-10-10 17:13:13,048 - basicLogger - INFO - Start Periodic Processing
2024-10-10 17:13:17,196 - basicLogger - DEBUG - {'date_created': '2024-10-10 16:12:13.148662', 'device_id': '399bb13d-68d9-45fe-ab85-cab27a4434c8', 'energy_use': 19260, 'home_room': 'some_room', 'id': 14, 'timestamp_end': '2024-10-10 13:00:41.526452', 'timestamp_start': '2024-10-10 10:00:41.526452', 'trace_id': '27b1f07f-3586-4d19-810b-5354acae20ec'}
2024-10-10 17:13:17,197 - basicLogger - DEBUG - {'date_created': '2024-10-10 16:12:15.024686', 'device_id': 'e36a5f49-7251-4e3e-bef7-60a0a863b1ea', 'home_room': 'some_room', 'id': 11, 'temperature': 53893, 'timestamp': '2024-10-10 13:00:41.526452', 'trace_id': '28f96fab-27a1-4e80-9b0f-f247fea027e0'}
2024-10-10 17:13:18,043 - basicLogger - INFO - Start Periodic Processing
2024-10-10 17:13:22,174 - basicLogger - DEBUG - {'date_created': '2024-10-10 16:12:13.148662', 'device_id': '399bb13d-68d9-45fe-ab85-cab27a4434c8', 'energy_use': 19260, 'home_room': 'some_room', 'id': 14, 'timestamp_end': '2024-10-10 13:00:41.526452', 'timestamp_start': '2024-10-10 10:00:41.526452', 'trace_id': '27b1f07f-3586-4d19-810b-5354acae20ec'}
2024-10-10 17:13:22,175 - basicLogger - DEBUG - {'date_created': '2024-10-10 16:12:15.024686', 'device_id': 'e36a5f49-7251-4e3e-bef7-60a0a863b1ea', 'home_room': 'some_room', 'id': 11, 'temperature': 53893, 'timestamp': '2024-10-10 13:00:41.526452', 'trace_id': '28f96fab-27a1-4e80-9b0f-f247fea027e0'}
2024-10-10 17:17:10,649 - basicLogger - INFO - Start Periodic Processing
2024-10-10 17:17:15,639 - basicLogger - INFO - Start Periodic Processing
2024-10-10 17:17:20,641 - basicLogger - INFO - Start Periodic Processing
2024-10-10 17:17:25,645 - basicLogger - INFO - Start Periodic Processing
2024-10-10 17:17:30,638 - basicLogger - INFO - Start Periodic Processing
2024-10-10 17:17:35,643 - basicLogger - INFO - Start Periodic Processing
2024-10-10 17:18:14,080 - basicLogger - INFO - Start Periodic Processing
2024-10-10 17:18:19,079 - basicLogger - INFO - Start Periodic Processing
2024-10-10 17:18:24,081 - basicLogger - INFO - Start Periodic Processing
2024-10-10 17:18:29,085 - basicLogger - INFO - Start Periodic Processing
2024-10-10 17:21:22,506 - basicLogger - INFO - Start Periodic Processing
2024-10-10 17:21:26,645 - basicLogger - INFO - Received 27 events.
2024-10-10 17:21:26,646 - basicLogger - DEBUG - Updated statistics: {'num_ec_readings': 215, 'min_ec_reading': 160, 'max_ec_reading': 98724, 'num_temp_readings': 215, 'min_temp_reading': 9, 'max_temp_reading': 98724, 'last_updated': '2024-10-10 16:12:13.148662'}
2024-10-10 17:21:26,646 - basicLogger - DEBUG - {'num_ec_readings': 215, 'min_ec_reading': 160, 'max_ec_reading': 98724, 'num_temp_readings': 215, 'min_temp_reading': 9, 'max_temp_reading': 98724, 'last_updated': '2024-10-10 16:12:13.148662'}
2024-10-10 17:21:26,647 - basicLogger - INFO - Periodic processing has completed
2024-10-10 17:21:27,507 - basicLogger - INFO - Start Periodic Processing
2024-10-10 17:21:31,640 - basicLogger - INFO - Received 27 events.
2024-10-10 17:21:31,641 - basicLogger - DEBUG - Updated statistics: {'num_ec_readings': 215, 'min_ec_reading': 160, 'max_ec_reading': 98724, 'num_temp_readings': 215, 'min_temp_reading': 9, 'max_temp_reading': 98724, 'last_updated': '2024-10-10 16:12:13.148662'}
2024-10-10 17:21:31,642 - basicLogger - DEBUG - {'num_ec_readings': 215, 'min_ec_reading': 160, 'max_ec_reading': 98724, 'num_temp_readings': 215, 'min_temp_reading': 9, 'max_temp_reading': 98724, 'last_updated': '2024-10-10 16:12:13.148662'}
2024-10-10 17:21:31,643 - basicLogger - INFO - Periodic processing has completed
2024-10-10 17:21:32,512 - basicLogger - INFO - Start Periodic Processing
2024-10-10 17:21:36,644 - basicLogger - INFO - Received 27 events.
2024-10-10 17:21:36,645 - basicLogger - DEBUG - Updated statistics: {'num_ec_readings': 215, 'min_ec_reading': 160, 'max_ec_reading': 98724, 'num_temp_readings': 215, 'min_temp_reading': 9, 'max_temp_reading': 98724, 'last_updated': '2024-10-10 16:12:13.148662'}
2024-10-10 17:21:36,645 - basicLogger - DEBUG - {'num_ec_readings': 215, 'min_ec_reading': 160, 'max_ec_reading': 98724, 'num_temp_readings': 215, 'min_temp_reading': 9, 'max_temp_reading': 98724, 'last_updated': '2024-10-10 16:12:13.148662'}
2024-10-10 17:21:36,646 - basicLogger - INFO - Periodic processing has completed
2024-10-10 17:21:37,512 - basicLogger - INFO - Start Periodic Processing
2024-10-10 17:21:41,628 - basicLogger - INFO - Received 27 events.
2024-10-10 17:21:41,629 - basicLogger - DEBUG - Updated statistics: {'num_ec_readings': 215, 'min_ec_reading': 160, 'max_ec_reading': 98724, 'num_temp_readings': 215, 'min_temp_reading': 9, 'max_temp_reading': 98724, 'last_updated': '2024-10-10 16:12:13.148662'}
2024-10-10 17:21:41,629 - basicLogger - DEBUG - {'num_ec_readings': 215, 'min_ec_reading': 160, 'max_ec_reading': 98724, 'num_temp_readings': 215, 'min_temp_reading': 9, 'max_temp_reading': 98724, 'last_updated': '2024-10-10 16:12:13.148662'}
2024-10-10 17:21:41,630 - basicLogger - INFO - Periodic processing has completed
2024-10-10 17:23:32,556 - basicLogger - INFO - Start Periodic Processing
2024-10-10 17:23:36,728 - basicLogger - INFO - Received 27 events.
2024-10-10 17:23:36,732 - basicLogger - DEBUG - Updated statistics: {'num_ec_readings': 215, 'min_ec_reading': 160, 'max_ec_reading': 98724, 'num_temp_readings': 215, 'min_temp_reading': 9, 'max_temp_reading': 98724, 'last_updated': '2024-10-10 16:12:13.148662'}
2024-10-10 17:23:36,733 - basicLogger - DEBUG - {'num_ec_readings': 215, 'min_ec_reading': 160, 'max_ec_reading': 98724, 'num_temp_readings': 215, 'min_temp_reading': 9, 'max_temp_reading': 98724, 'last_updated': '2024-10-10 16:12:13.148662'}
2024-10-10 17:23:36,734 - basicLogger - INFO - Periodic processing has completed
2024-10-10 17:23:37,547 - basicLogger - INFO - Start Periodic Processing
2024-10-10 17:23:41,673 - basicLogger - INFO - Received 27 events.
2024-10-10 17:23:41,676 - basicLogger - DEBUG - Updated statistics: {'num_ec_readings': 227, 'min_ec_reading': 160, 'max_ec_reading': 98724, 'num_temp_readings': 230, 'min_temp_reading': 9, 'max_temp_reading': 98724, 'last_updated': '2024-10-10 16:12:13.148662'}
2024-10-10 17:23:41,676 - basicLogger - DEBUG - {'num_ec_readings': 227, 'min_ec_reading': 160, 'max_ec_reading': 98724, 'num_temp_readings': 230, 'min_temp_reading': 9, 'max_temp_reading': 98724, 'last_updated': '2024-10-10 16:12:13.148662'}
2024-10-10 17:23:41,677 - basicLogger - INFO - Periodic processing has completed
2024-10-10 17:25:34,681 - basicLogger - INFO - Start Periodic Processing
2024-10-10 17:25:39,675 - basicLogger - INFO - Start Periodic Processing
2024-10-10 17:25:44,673 - basicLogger - INFO - Start Periodic Processing
2024-10-10 17:27:28,085 - basicLogger - INFO - Start Periodic Processing
2024-10-10 17:27:32,201 - basicLogger - INFO - Received 27 events.
2024-10-10 17:27:33,077 - basicLogger - INFO - Start Periodic Processing
2024-10-10 17:27:37,174 - basicLogger - INFO - Received 27 events.
2024-10-10 17:27:38,082 - basicLogger - INFO - Start Periodic Processing
2024-10-10 17:27:42,215 - basicLogger - INFO - Received 27 events.
2024-10-10 17:27:51,275 - basicLogger - INFO - Start Periodic Processing
2024-10-10 17:27:56,265 - basicLogger - INFO - Start Periodic Processing
2024-10-10 17:28:01,265 - basicLogger - INFO - Start Periodic Processing
2024-10-10 17:28:06,266 - basicLogger - INFO - Start Periodic Processing
2024-10-10 17:28:11,263 - basicLogger - INFO - Start Periodic Processing
2024-10-10 17:28:16,276 - basicLogger - INFO - Start Periodic Processing
2024-10-10 17:28:21,275 - basicLogger - INFO - Start Periodic Processing
2024-10-10 17:28:26,263 - basicLogger - INFO - Start Periodic Processing
2024-10-10 17:28:31,269 - basicLogger - INFO - Start Periodic Processing
2024-10-10 17:28:36,262 - basicLogger - INFO - Start Periodic Processing
2024-10-10 17:28:41,265 - basicLogger - INFO - Start Periodic Processing
2024-10-10 17:28:46,274 - basicLogger - INFO - Start Periodic Processing
2024-10-10 17:28:51,270 - basicLogger - INFO - Start Periodic Processing
2024-10-10 17:28:56,275 - basicLogger - INFO - Start Periodic Processing
2024-10-10 17:29:01,261 - basicLogger - INFO - Start Periodic Processing
2024-10-10 17:29:06,274 - basicLogger - INFO - Start Periodic Processing
2024-10-10 17:29:11,261 - basicLogger - INFO - Start Periodic Processing
2024-10-10 17:29:16,270 - basicLogger - INFO - Start Periodic Processing
2024-10-10 17:29:21,271 - basicLogger - INFO - Start Periodic Processing
2024-10-10 17:29:26,271 - basicLogger - INFO - Start Periodic Processing
2024-10-10 17:29:31,261 - basicLogger - INFO - Start Periodic Processing
2024-10-10 17:29:48,995 - basicLogger - INFO - Start Periodic Processing
2024-10-10 17:29:53,108 - basicLogger - INFO - Received 0 events.
2024-10-10 17:29:53,985 - basicLogger - INFO - Start Periodic Processing
2024-10-10 17:29:58,109 - basicLogger - INFO - Received 0 events.
2024-10-10 17:29:58,987 - basicLogger - INFO - Start Periodic Processing
2024-10-10 17:30:03,066 - basicLogger - INFO - Received 0 events.
2024-10-17 08:16:12,811 - basicLogger - INFO - Start Periodic Processing
2024-10-17 08:16:17,380 - basicLogger - INFO - Received 8 events.
2024-10-17 08:16:17,820 - basicLogger - INFO - Start Periodic Processing
2024-10-17 08:16:21,997 - basicLogger - INFO - Received 8 events.
2024-10-17 08:16:22,810 - basicLogger - INFO - Start Periodic Processing
2024-10-17 08:16:27,022 - basicLogger - INFO - Received 8 events.
2024-10-17 08:16:27,821 - basicLogger - INFO - Start Periodic Processing
2024-10-17 08:16:32,039 - basicLogger - INFO - Received 8 events.
2024-10-17 08:16:32,822 - basicLogger - INFO - Start Periodic Processing
2024-10-17 08:16:37,024 - basicLogger - INFO - Received 8 events.
2024-10-17 08:16:37,821 - basicLogger - INFO - Start Periodic Processing
2024-10-17 08:16:42,042 - basicLogger - INFO - Received 8 events.
2024-10-17 08:16:42,812 - basicLogger - INFO - Start Periodic Processing
2024-10-17 08:16:46,933 - basicLogger - INFO - Received 8 events.
2024-10-17 08:16:47,813 - basicLogger - INFO - Start Periodic Processing
2024-10-17 08:16:52,044 - basicLogger - INFO - Received 8 events.
2024-10-17 08:16:52,811 - basicLogger - INFO - Start Periodic Processing
2024-10-17 08:16:57,002 - basicLogger - INFO - Received 8 events.
2024-10-17 08:16:57,814 - basicLogger - INFO - Start Periodic Processing
2024-10-17 08:17:02,033 - basicLogger - INFO - Received 8 events.
2024-10-17 08:17:02,818 - basicLogger - INFO - Start Periodic Processing
2024-10-17 08:17:07,009 - basicLogger - INFO - Received 8 events.
2024-10-17 08:17:07,810 - basicLogger - INFO - Start Periodic Processing
2024-10-17 08:17:12,006 - basicLogger - INFO - Received 8 events.
2024-10-17 08:17:12,808 - basicLogger - INFO - Start Periodic Processing
2024-10-17 08:17:17,017 - basicLogger - INFO - Received 8 events.
2024-10-17 08:17:17,821 - basicLogger - INFO - Start Periodic Processing
2024-10-17 08:17:22,042 - basicLogger - INFO - Received 8 events.
2024-10-17 08:17:22,810 - basicLogger - INFO - Start Periodic Processing
2024-10-17 08:17:26,977 - basicLogger - INFO - Received 8 events.
2024-10-17 08:17:27,808 - basicLogger - INFO - Start Periodic Processing
2024-10-17 08:17:32,018 - basicLogger - INFO - Received 8 events.
2024-10-17 08:17:32,820 - basicLogger - INFO - Start Periodic Processing
2024-10-17 08:17:37,046 - basicLogger - INFO - Received 8 events.
2024-10-17 08:17:37,812 - basicLogger - INFO - Start Periodic Processing
2024-10-17 08:17:42,033 - basicLogger - INFO - Received 8 events.
2024-10-17 08:17:42,817 - basicLogger - INFO - Start Periodic Processing
2024-10-17 08:17:47,036 - basicLogger - INFO - Received 8 events.
2024-10-17 08:17:47,811 - basicLogger - INFO - Start Periodic Processing
2024-10-17 08:17:51,977 - basicLogger - INFO - Received 8 events.
2024-10-17 08:17:52,817 - basicLogger - INFO - Start Periodic Processing
2024-10-17 08:17:56,994 - basicLogger - INFO - Received 8 events.
2024-10-17 08:17:57,810 - basicLogger - INFO - Start Periodic Processing
2024-10-17 08:18:02,012 - basicLogger - INFO - Received 8 events.
2024-10-17 08:18:02,821 - basicLogger - INFO - Start Periodic Processing
2024-10-17 08:18:06,981 - basicLogger - INFO - Received 8 events.
2024-10-17 08:18:07,816 - basicLogger - INFO - Start Periodic Processing
2024-10-17 08:18:11,965 - basicLogger - INFO - Received 8 events.
2024-10-17 08:18:12,810 - basicLogger - INFO - Start Periodic Processing
2024-10-17 08:18:16,994 - basicLogger - INFO - Received 8 events.
2024-10-17 08:18:17,813 - basicLogger - INFO - Start Periodic Processing
2024-10-17 08:18:22,000 - basicLogger - INFO - Received 8 events.
2024-10-17 08:18:22,819 - basicLogger - INFO - Start Periodic Processing
2024-10-17 08:18:26,989 - basicLogger - INFO - Received 8 events.
2024-10-17 08:18:27,813 - basicLogger - INFO - Start Periodic Processing
2024-10-17 08:18:31,961 - basicLogger - INFO - Received 8 events.
2024-10-17 08:18:32,808 - basicLogger - INFO - Start Periodic Processing
2024-10-17 08:18:37,025 - basicLogger - INFO - Received 8 events.
2024-10-17 08:18:37,809 - basicLogger - INFO - Start Periodic Processing
2024-10-17 08:18:41,970 - basicLogger - INFO - Received 8 events.
2024-10-17 08:18:42,816 - basicLogger - INFO - Start Periodic Processing
2024-10-17 08:18:47,036 - basicLogger - INFO - Received 8 events.
2024-10-17 08:18:47,831 - basicLogger - INFO - Start Periodic Processing
2024-10-17 08:18:52,000 - basicLogger - INFO - Received 8 events.
2024-10-17 08:19:00,021 - basicLogger - INFO - Start Periodic Processing
2024-10-17 08:19:04,195 - basicLogger - INFO - Received 8 events.
2024-10-17 08:19:05,020 - basicLogger - INFO - Start Periodic Processing
2024-10-17 08:19:09,214 - basicLogger - INFO - Received 8 events.
2024-10-17 08:19:10,028 - basicLogger - INFO - Start Periodic Processing
2024-10-17 08:19:14,232 - basicLogger - INFO - Received 8 events.
2024-10-17 08:19:15,030 - basicLogger - INFO - Start Periodic Processing
2024-10-17 08:19:19,238 - basicLogger - INFO - Received 8 events.
2024-10-17 08:19:20,024 - basicLogger - INFO - Start Periodic Processing
2024-10-17 08:19:24,235 - basicLogger - INFO - Received 8 events.
2024-10-17 08:19:25,025 - basicLogger - INFO - Start Periodic Processing
2024-10-17 08:19:29,220 - basicLogger - INFO - Received 8 events.
2024-10-17 08:19:30,026 - basicLogger - INFO - Start Periodic Processing
2024-10-17 08:19:34,268 - basicLogger - INFO - Received 8 events.
2024-10-17 08:23:26,519 - basicLogger - INFO - Start Periodic Processing
2024-10-17 08:23:30,800 - basicLogger - INFO - Received 8 events.
2024-10-17 08:23:31,518 - basicLogger - INFO - Start Periodic Processing
2024-10-17 08:23:35,704 - basicLogger - INFO - Received 8 events.
2024-10-17 08:23:36,520 - basicLogger - INFO - Start Periodic Processing
2024-10-17 08:23:40,708 - basicLogger - INFO - Received 8 events.
2024-10-17 08:24:14,797 - basicLogger - INFO - Start Periodic Processing
2024-10-17 08:24:19,072 - basicLogger - INFO - Received 0 events.
2024-10-17 08:24:19,773 - basicLogger - INFO - Start Periodic Processing
2024-10-17 08:24:23,912 - basicLogger - INFO - Received 0 events.
2024-10-17 08:24:24,764 - basicLogger - INFO - Start Periodic Processing
2024-10-17 08:24:28,884 - basicLogger - INFO - Received 0 events.
2024-10-17 08:24:29,763 - basicLogger - INFO - Start Periodic Processing
2024-10-17 08:24:33,895 - basicLogger - INFO - Received 0 events.
2024-10-17 08:24:34,777 - basicLogger - INFO - Start Periodic Processing
2024-10-17 08:24:38,922 - basicLogger - INFO - Received 0 events.
2024-10-17 08:24:39,772 - basicLogger - INFO - Start Periodic Processing
2024-10-17 08:24:43,905 - basicLogger - INFO - Received 0 events.
2024-10-17 08:24:44,775 - basicLogger - INFO - Start Periodic Processing
2024-10-17 08:24:48,871 - basicLogger - INFO - Received 0 events.
2024-10-17 08:24:49,766 - basicLogger - INFO - Start Periodic Processing
2024-10-17 08:24:53,887 - basicLogger - INFO - Received 0 events.
2024-10-17 08:27:12,388 - basicLogger - INFO - Start Periodic Processing
2024-10-17 08:27:16,589 - basicLogger - INFO - Received 0 events.
2024-10-17 08:27:17,389 - basicLogger - INFO - Start Periodic Processing
2024-10-17 08:27:21,510 - basicLogger - INFO - Received 0 events.
2024-10-17 08:27:22,394 - basicLogger - INFO - Start Periodic Processing
2024-10-17 08:27:26,507 - basicLogger - INFO - Received 0 events.
2024-10-17 08:27:27,386 - basicLogger - INFO - Start Periodic Processing
2024-10-17 08:27:31,512 - basicLogger - INFO - Received 0 events.
2024-10-17 08:27:32,394 - basicLogger - INFO - Start Periodic Processing
2024-10-17 08:27:36,516 - basicLogger - INFO - Received 0 events.
2024-10-17 08:27:37,384 - basicLogger - INFO - Start Periodic Processing
2024-10-17 08:27:41,520 - basicLogger - INFO - Received 0 events.
2024-10-17 08:27:42,388 - basicLogger - INFO - Start Periodic Processing
2024-10-17 08:27:46,519 - basicLogger - INFO - Received 0 events.
2024-10-17 08:35:14,818 - basicLogger - INFO - Start Periodic Processing
2024-10-17 08:35:18,925 - basicLogger - INFO - Received 50 events.
2024-10-17 08:35:19,814 - basicLogger - INFO - Start Periodic Processing
2024-10-17 08:35:23,956 - basicLogger - INFO - Received 50 events.
2024-10-17 08:35:24,817 - basicLogger - INFO - Start Periodic Processing
2024-10-17 08:35:28,935 - basicLogger - INFO - Received 50 events.
2024-10-17 08:35:29,821 - basicLogger - INFO - Start Periodic Processing
2024-10-17 08:35:33,900 - basicLogger - INFO - Received 50 events.
2024-10-17 08:35:34,820 - basicLogger - INFO - Start Periodic Processing
2024-10-17 08:35:38,913 - basicLogger - INFO - Received 50 events.
2024-10-17 08:35:39,809 - basicLogger - INFO - Start Periodic Processing
2024-10-17 08:35:43,898 - basicLogger - INFO - Received 50 events.
2024-10-17 08:38:07,049 - basicLogger - INFO - Start Periodic Processing
2024-10-17 08:38:11,152 - basicLogger - INFO - Received 50 events.
2024-10-17 08:38:11,153 - basicLogger - DEBUG - e200
2024-10-17 08:38:11,153 - basicLogger - DEBUG - t200
2024-10-17 08:38:12,047 - basicLogger - INFO - Start Periodic Processing
2024-10-17 08:38:17,041 - basicLogger - INFO - Start Periodic Processing
2024-10-17 08:38:22,044 - basicLogger - INFO - Start Periodic Processing
2024-10-17 08:38:27,051 - basicLogger - INFO - Start Periodic Processing
2024-10-17 08:38:32,039 - basicLogger - INFO - Start Periodic Processing
2024-10-17 08:50:09,211 - basicLogger - INFO - Start Periodic Processing
2024-10-17 08:50:13,414 - basicLogger - INFO - Received 50 events.
2024-10-17 08:50:13,415 - basicLogger - DEBUG - e200
2024-10-17 08:50:13,415 - basicLogger - DEBUG - t200
2024-10-17 08:50:13,416 - basicLogger - DEBUG - compare finish
2024-10-17 08:50:13,416 - basicLogger - DEBUG - time finish
2024-10-17 08:50:14,216 - basicLogger - INFO - Start Periodic Processing
2024-10-17 08:50:19,222 - basicLogger - INFO - Start Periodic Processing
2024-10-17 08:50:24,217 - basicLogger - INFO - Start Periodic Processing
2024-10-17 08:52:10,187 - basicLogger - INFO - Start Periodic Processing
2024-10-17 08:52:14,347 - basicLogger - INFO - Received 0 events.
2024-10-17 08:52:14,348 - basicLogger - ERROR - Failed to retrieve events
2024-10-17 08:52:14,348 - basicLogger - DEBUG - compare finish
2024-10-17 08:52:14,349 - basicLogger - DEBUG - time finish
2024-10-17 08:52:14,350 - basicLogger - DEBUG - written events
2024-10-17 08:52:14,352 - basicLogger - DEBUG - Updated statistics: {'num_ec_readings': 203, 'min_ec_reading': 160, 'max_ec_reading': 204, 'num_temp_readings': 200, 'min_temp_reading': 9, 'max_temp_reading': 26, 'last_updated': '2024-10-17 08:52:10.188361'}
2024-10-17 08:52:14,352 - basicLogger - DEBUG - {'num_ec_readings': 203, 'min_ec_reading': 160, 'max_ec_reading': 204, 'num_temp_readings': 200, 'min_temp_reading': 9, 'max_temp_reading': 26, 'last_updated': '2024-10-17 08:52:10.188361'}
2024-10-17 08:52:14,353 - basicLogger - INFO - Periodic processing has completed
2024-10-17 08:52:15,198 - basicLogger - INFO - Start Periodic Processing
2024-10-17 08:52:19,339 - basicLogger - INFO - Received 6 events.
2024-10-17 08:52:19,340 - basicLogger - DEBUG - e200
2024-10-17 08:52:19,340 - basicLogger - DEBUG - t200
2024-10-17 08:52:19,340 - basicLogger - DEBUG - compare finish
2024-10-17 08:52:19,341 - basicLogger - DEBUG - time finish
2024-10-17 08:52:19,341 - basicLogger - DEBUG - written events
2024-10-17 08:52:19,342 - basicLogger - DEBUG - Updated statistics: {'num_ec_readings': 204, 'min_ec_reading': 160, 'max_ec_reading': 57860, 'num_temp_readings': 205, 'min_temp_reading': 9, 'max_temp_reading': 90480, 'last_updated': '2024-10-17 08:52:15.198999'}
2024-10-17 08:52:19,342 - basicLogger - DEBUG - {'num_ec_readings': 204, 'min_ec_reading': 160, 'max_ec_reading': 57860, 'num_temp_readings': 205, 'min_temp_reading': 9, 'max_temp_reading': 90480, 'last_updated': '2024-10-17 08:52:15.198999'}
2024-10-17 08:52:19,342 - basicLogger - INFO - Periodic processing has completed
2024-10-17 08:52:20,195 - basicLogger - INFO - Start Periodic Processing
2024-10-17 08:52:24,332 - basicLogger - INFO - Received 0 events.
2024-10-17 08:52:24,332 - basicLogger - ERROR - Failed to retrieve events
2024-10-17 08:52:24,333 - basicLogger - DEBUG - compare finish
2024-10-17 08:52:24,333 - basicLogger - DEBUG - time finish
2024-10-17 08:52:24,334 - basicLogger - DEBUG - written events
2024-10-17 08:52:24,334 - basicLogger - DEBUG - Updated statistics: {'num_ec_readings': 204, 'min_ec_reading': 160, 'max_ec_reading': 57860, 'num_temp_readings': 205, 'min_temp_reading': 9, 'max_temp_reading': 90480, 'last_updated': '2024-10-17 08:52:20.195647'}
2024-10-17 08:52:24,334 - basicLogger - DEBUG - {'num_ec_readings': 204, 'min_ec_reading': 160, 'max_ec_reading': 57860, 'num_temp_readings': 205, 'min_temp_reading': 9, 'max_temp_reading': 90480, 'last_updated': '2024-10-17 08:52:20.195647'}
2024-10-17 08:52:24,335 - basicLogger - INFO - Periodic processing has completed
2024-10-17 08:52:25,185 - basicLogger - INFO - Start Periodic Processing
2024-10-17 08:52:29,317 - basicLogger - INFO - Received 0 events.
2024-10-17 08:52:29,317 - basicLogger - ERROR - Failed to retrieve events
2024-10-17 08:52:29,317 - basicLogger - DEBUG - compare finish
2024-10-17 08:52:29,318 - basicLogger - DEBUG - time finish
2024-10-17 08:52:29,318 - basicLogger - DEBUG - written events
2024-10-17 08:52:29,319 - basicLogger - DEBUG - Updated statistics: {'num_ec_readings': 204, 'min_ec_reading': 160, 'max_ec_reading': 57860, 'num_temp_readings': 205, 'min_temp_reading': 9, 'max_temp_reading': 90480, 'last_updated': '2024-10-17 08:52:25.186347'}
2024-10-17 08:52:29,319 - basicLogger - DEBUG - {'num_ec_readings': 204, 'min_ec_reading': 160, 'max_ec_reading': 57860, 'num_temp_readings': 205, 'min_temp_reading': 9, 'max_temp_reading': 90480, 'last_updated': '2024-10-17 08:52:25.186347'}
2024-10-17 08:52:29,319 - basicLogger - INFO - Periodic processing has completed
2024-10-17 08:52:30,194 - basicLogger - INFO - Start Periodic Processing
2024-10-17 08:52:34,303 - basicLogger - INFO - Received 0 events.
2024-10-17 08:52:34,304 - basicLogger - ERROR - Failed to retrieve events
2024-10-17 08:52:34,305 - basicLogger - DEBUG - compare finish
2024-10-17 08:52:34,306 - basicLogger - DEBUG - time finish
2024-10-17 08:52:34,308 - basicLogger - DEBUG - written events
2024-10-17 08:52:34,309 - basicLogger - DEBUG - Updated statistics: {'num_ec_readings': 204, 'min_ec_reading': 160, 'max_ec_reading': 57860, 'num_temp_readings': 205, 'min_temp_reading': 9, 'max_temp_reading': 90480, 'last_updated': '2024-10-17 08:52:30.195227'}
2024-10-17 08:52:34,310 - basicLogger - DEBUG - {'num_ec_readings': 204, 'min_ec_reading': 160, 'max_ec_reading': 57860, 'num_temp_readings': 205, 'min_temp_reading': 9, 'max_temp_reading': 90480, 'last_updated': '2024-10-17 08:52:30.195227'}
2024-10-17 08:52:34,311 - basicLogger - INFO - Periodic processing has completed
2024-10-17 08:52:35,185 - basicLogger - INFO - Start Periodic Processing
2024-10-17 08:52:39,306 - basicLogger - INFO - Received 0 events.
2024-10-17 08:52:39,307 - basicLogger - ERROR - Failed to retrieve events
2024-10-17 08:52:39,308 - basicLogger - DEBUG - compare finish
2024-10-17 08:52:39,309 - basicLogger - DEBUG - time finish
2024-10-17 08:52:39,310 - basicLogger - DEBUG - written events
2024-10-17 08:52:39,312 - basicLogger - DEBUG - Updated statistics: {'num_ec_readings': 204, 'min_ec_reading': 160, 'max_ec_reading': 57860, 'num_temp_readings': 205, 'min_temp_reading': 9, 'max_temp_reading': 90480, 'last_updated': '2024-10-17 08:52:35.185888'}
2024-10-17 08:52:39,313 - basicLogger - DEBUG - {'num_ec_readings': 204, 'min_ec_reading': 160, 'max_ec_reading': 57860, 'num_temp_readings': 205, 'min_temp_reading': 9, 'max_temp_reading': 90480, 'last_updated': '2024-10-17 08:52:35.185888'}
2024-10-17 08:52:39,314 - basicLogger - INFO - Periodic processing has completed
2024-10-17 08:52:40,199 - basicLogger - INFO - Start Periodic Processing
2024-10-17 08:52:44,343 - basicLogger - INFO - Received 0 events.
2024-10-17 08:52:44,344 - basicLogger - ERROR - Failed to retrieve events
2024-10-17 08:52:44,345 - basicLogger - DEBUG - compare finish
2024-10-17 08:52:44,345 - basicLogger - DEBUG - time finish
2024-10-17 08:52:44,347 - basicLogger - DEBUG - written events
2024-10-17 08:52:44,349 - basicLogger - DEBUG - Updated statistics: {'num_ec_readings': 204, 'min_ec_reading': 160, 'max_ec_reading': 57860, 'num_temp_readings': 205, 'min_temp_reading': 9, 'max_temp_reading': 90480, 'last_updated': '2024-10-17 08:52:40.200343'}
2024-10-17 08:52:44,350 - basicLogger - DEBUG - {'num_ec_readings': 204, 'min_ec_reading': 160, 'max_ec_reading': 57860, 'num_temp_readings': 205, 'min_temp_reading': 9, 'max_temp_reading': 90480, 'last_updated': '2024-10-17 08:52:40.200343'}
2024-10-17 08:52:44,351 - basicLogger - INFO - Periodic processing has completed
2024-10-17 08:52:45,199 - basicLogger - INFO - Start Periodic Processing
2024-10-17 08:52:49,351 - basicLogger - INFO - Received 0 events.
2024-10-17 08:52:49,352 - basicLogger - ERROR - Failed to retrieve events
2024-10-17 08:52:49,353 - basicLogger - DEBUG - compare finish
2024-10-17 08:52:49,353 - basicLogger - DEBUG - time finish
2024-10-17 08:52:49,355 - basicLogger - DEBUG - written events
2024-10-17 08:52:49,356 - basicLogger - DEBUG - Updated statistics: {'num_ec_readings': 204, 'min_ec_reading': 160, 'max_ec_reading': 57860, 'num_temp_readings': 205, 'min_temp_reading': 9, 'max_temp_reading': 90480, 'last_updated': '2024-10-17 08:52:45.199508'}
2024-10-17 08:52:49,357 - basicLogger - DEBUG - {'num_ec_readings': 204, 'min_ec_reading': 160, 'max_ec_reading': 57860, 'num_temp_readings': 205, 'min_temp_reading': 9, 'max_temp_reading': 90480, 'last_updated': '2024-10-17 08:52:45.199508'}
2024-10-17 08:52:49,358 - basicLogger - INFO - Periodic processing has completed
2024-10-17 08:53:04,943 - basicLogger - INFO - Start Periodic Processing
2024-10-17 08:53:09,149 - basicLogger - INFO - Received 150 events.
2024-10-17 08:53:09,150 - basicLogger - DEBUG - e200
2024-10-17 08:53:09,151 - basicLogger - DEBUG - t200
2024-10-17 08:53:09,152 - basicLogger - DEBUG - compare finish
2024-10-17 08:53:09,153 - basicLogger - DEBUG - time finish
2024-10-17 08:53:09,154 - basicLogger - DEBUG - written events
2024-10-17 08:53:09,155 - basicLogger - DEBUG - Updated statistics: {'num_ec_readings': 279, 'min_ec_reading': 160, 'max_ec_reading': 98724, 'num_temp_readings': 280, 'min_temp_reading': 9, 'max_temp_reading': 98724, 'last_updated': '2024-10-17 08:53:04.945717'}
2024-10-17 08:53:09,156 - basicLogger - DEBUG - {'num_ec_readings': 279, 'min_ec_reading': 160, 'max_ec_reading': 98724, 'num_temp_readings': 280, 'min_temp_reading': 9, 'max_temp_reading': 98724, 'last_updated': '2024-10-17 08:53:04.945717'}
2024-10-17 08:53:09,157 - basicLogger - INFO - Periodic processing has completed
2024-10-17 08:53:09,941 - basicLogger - INFO - Start Periodic Processing
2024-10-17 08:53:14,083 - basicLogger - INFO - Received 0 events.
2024-10-17 08:53:14,084 - basicLogger - ERROR - Failed to retrieve events
2024-10-17 08:53:14,085 - basicLogger - DEBUG - compare finish
2024-10-17 08:53:14,086 - basicLogger - DEBUG - time finish
2024-10-17 08:53:14,087 - basicLogger - DEBUG - written events
2024-10-17 08:53:14,089 - basicLogger - DEBUG - Updated statistics: {'num_ec_readings': 279, 'min_ec_reading': 160, 'max_ec_reading': 98724, 'num_temp_readings': 280, 'min_temp_reading': 9, 'max_temp_reading': 98724, 'last_updated': '2024-10-17 08:53:09.942443'}
2024-10-17 08:53:14,090 - basicLogger - DEBUG - {'num_ec_readings': 279, 'min_ec_reading': 160, 'max_ec_reading': 98724, 'num_temp_readings': 280, 'min_temp_reading': 9, 'max_temp_reading': 98724, 'last_updated': '2024-10-17 08:53:09.942443'}
2024-10-17 08:53:14,091 - basicLogger - INFO - Periodic processing has completed
2024-10-17 08:53:14,935 - basicLogger - INFO - Start Periodic Processing
2024-10-17 08:53:19,073 - basicLogger - INFO - Received 0 events.
2024-10-17 08:53:19,074 - basicLogger - ERROR - Failed to retrieve events
2024-10-17 08:53:19,075 - basicLogger - DEBUG - compare finish
2024-10-17 08:53:19,075 - basicLogger - DEBUG - time finish
2024-10-17 08:53:19,077 - basicLogger - DEBUG - written events
2024-10-17 08:53:19,078 - basicLogger - DEBUG - Updated statistics: {'num_ec_readings': 279, 'min_ec_reading': 160, 'max_ec_reading': 98724, 'num_temp_readings': 280, 'min_temp_reading': 9, 'max_temp_reading': 98724, 'last_updated': '2024-10-17 08:53:14.935739'}
2024-10-17 08:53:19,080 - basicLogger - DEBUG - {'num_ec_readings': 279, 'min_ec_reading': 160, 'max_ec_reading': 98724, 'num_temp_readings': 280, 'min_temp_reading': 9, 'max_temp_reading': 98724, 'last_updated': '2024-10-17 08:53:14.935739'}
2024-10-17 08:53:19,081 - basicLogger - INFO - Periodic processing has completed
2024-10-17 08:53:19,940 - basicLogger - INFO - Start Periodic Processing
2024-10-17 08:53:24,081 - basicLogger - INFO - Received 0 events.
2024-10-17 08:53:24,082 - basicLogger - ERROR - Failed to retrieve events
2024-10-17 08:53:24,082 - basicLogger - DEBUG - compare finish
2024-10-17 08:53:24,083 - basicLogger - DEBUG - time finish
2024-10-17 08:53:24,085 - basicLogger - DEBUG - written events
2024-10-17 08:53:24,086 - basicLogger - DEBUG - Updated statistics: {'num_ec_readings': 279, 'min_ec_reading': 160, 'max_ec_reading': 98724, 'num_temp_readings': 280, 'min_temp_reading': 9, 'max_temp_reading': 98724, 'last_updated': '2024-10-17 08:53:19.941093'}
2024-10-17 08:53:24,087 - basicLogger - DEBUG - {'num_ec_readings': 279, 'min_ec_reading': 160, 'max_ec_reading': 98724, 'num_temp_readings': 280, 'min_temp_reading': 9, 'max_temp_reading': 98724, 'last_updated': '2024-10-17 08:53:19.941093'}
2024-10-17 08:53:24,088 - basicLogger - INFO - Periodic processing has completed
2024-10-17 08:53:24,930 - basicLogger - INFO - Start Periodic Processing
2024-10-17 08:53:29,029 - basicLogger - INFO - Received 0 events.
2024-10-17 08:53:29,030 - basicLogger - ERROR - Failed to retrieve events
2024-10-17 08:53:29,031 - basicLogger - DEBUG - compare finish
2024-10-17 08:53:29,032 - basicLogger - DEBUG - time finish
2024-10-17 08:53:29,033 - basicLogger - DEBUG - written events
2024-10-17 08:53:29,035 - basicLogger - DEBUG - Updated statistics: {'num_ec_readings': 279, 'min_ec_reading': 160, 'max_ec_reading': 98724, 'num_temp_readings': 280, 'min_temp_reading': 9, 'max_temp_reading': 98724, 'last_updated': '2024-10-17 08:53:24.931977'}
2024-10-17 08:53:29,036 - basicLogger - DEBUG - {'num_ec_readings': 279, 'min_ec_reading': 160, 'max_ec_reading': 98724, 'num_temp_readings': 280, 'min_temp_reading': 9, 'max_temp_reading': 98724, 'last_updated': '2024-10-17 08:53:24.931977'}
2024-10-17 08:53:29,037 - basicLogger - INFO - Periodic processing has completed
2024-10-17 08:53:29,941 - basicLogger - INFO - Start Periodic Processing
2024-10-17 08:53:34,082 - basicLogger - INFO - Received 0 events.
2024-10-17 08:53:34,083 - basicLogger - ERROR - Failed to retrieve events
2024-10-17 08:53:34,084 - basicLogger - DEBUG - compare finish
2024-10-17 08:53:34,084 - basicLogger - DEBUG - time finish
2024-10-17 08:53:34,086 - basicLogger - DEBUG - written events
2024-10-17 08:53:34,087 - basicLogger - DEBUG - Updated statistics: {'num_ec_readings': 279, 'min_ec_reading': 160, 'max_ec_reading': 98724, 'num_temp_readings': 280, 'min_temp_reading': 9, 'max_temp_reading': 98724, 'last_updated': '2024-10-17 08:53:29.942866'}
2024-10-17 08:53:34,088 - basicLogger - DEBUG - {'num_ec_readings': 279, 'min_ec_reading': 160, 'max_ec_reading': 98724, 'num_temp_readings': 280, 'min_temp_reading': 9, 'max_temp_reading': 98724, 'last_updated': '2024-10-17 08:53:29.942866'}
2024-10-17 08:53:34,089 - basicLogger - INFO - Periodic processing has completed
2024-10-17 08:53:34,933 - basicLogger - INFO - Start Periodic Processing
2024-10-17 08:53:39,040 - basicLogger - INFO - Received 0 events.
2024-10-17 08:53:39,040 - basicLogger - ERROR - Failed to retrieve events
2024-10-17 08:53:39,040 - basicLogger - DEBUG - compare finish
2024-10-17 08:53:39,040 - basicLogger - DEBUG - time finish
2024-10-17 08:53:39,041 - basicLogger - DEBUG - written events
2024-10-17 08:53:39,041 - basicLogger - DEBUG - Updated statistics: {'num_ec_readings': 279, 'min_ec_reading': 160, 'max_ec_reading': 98724, 'num_temp_readings': 280, 'min_temp_reading': 9, 'max_temp_reading': 98724, 'last_updated': '2024-10-17 08:53:34.935476'}
2024-10-17 08:53:39,041 - basicLogger - DEBUG - {'num_ec_readings': 279, 'min_ec_reading': 160, 'max_ec_reading': 98724, 'num_temp_readings': 280, 'min_temp_reading': 9, 'max_temp_reading': 98724, 'last_updated': '2024-10-17 08:53:34.935476'}
2024-10-17 08:53:39,041 - basicLogger - INFO - Periodic processing has completed
2024-10-17 08:53:39,936 - basicLogger - INFO - Start Periodic Processing
2024-10-17 08:53:44,082 - basicLogger - INFO - Received 0 events.
2024-10-17 08:53:44,083 - basicLogger - ERROR - Failed to retrieve events
2024-10-17 08:53:44,084 - basicLogger - DEBUG - compare finish
2024-10-17 08:53:44,084 - basicLogger - DEBUG - time finish
2024-10-17 08:53:44,086 - basicLogger - DEBUG - written events
2024-10-17 08:53:44,087 - basicLogger - DEBUG - Updated statistics: {'num_ec_readings': 279, 'min_ec_reading': 160, 'max_ec_reading': 98724, 'num_temp_readings': 280, 'min_temp_reading': 9, 'max_temp_reading': 98724, 'last_updated': '2024-10-17 08:53:39.938218'}
2024-10-17 08:53:44,088 - basicLogger - DEBUG - {'num_ec_readings': 279, 'min_ec_reading': 160, 'max_ec_reading': 98724, 'num_temp_readings': 280, 'min_temp_reading': 9, 'max_temp_reading': 98724, 'last_updated': '2024-10-17 08:53:39.938218'}
2024-10-17 08:53:44,089 - basicLogger - INFO - Periodic processing has completed
2024-10-17 08:54:57,343 - basicLogger - INFO - Start Periodic Processing
2024-10-17 08:55:01,468 - basicLogger - INFO - Received 50 events.
2024-10-17 08:55:01,468 - basicLogger - DEBUG - e200
2024-10-17 08:55:01,469 - basicLogger - DEBUG - t200
2024-10-17 08:55:01,470 - basicLogger - DEBUG - compare finish
2024-10-17 08:55:01,470 - basicLogger - DEBUG - time finish
2024-10-17 08:55:01,472 - basicLogger - DEBUG - written events
2024-10-17 08:55:01,472 - basicLogger - DEBUG - Updated statistics: {'num_ec_readings': 304, 'min_ec_reading': 160, 'max_ec_reading': 98724, 'num_temp_readings': 305, 'min_temp_reading': 9, 'max_temp_reading': 98724, 'last_updated': '2024-10-17 08:54:57.344246'}
2024-10-17 08:55:01,473 - basicLogger - DEBUG - {'num_ec_readings': 304, 'min_ec_reading': 160, 'max_ec_reading': 98724, 'num_temp_readings': 305, 'min_temp_reading': 9, 'max_temp_reading': 98724, 'last_updated': '2024-10-17 08:54:57.344246'}
2024-10-17 08:55:01,474 - basicLogger - INFO - Periodic processing has completed
2024-10-17 08:55:02,346 - basicLogger - INFO - Start Periodic Processing
2024-10-17 08:55:06,475 - basicLogger - INFO - Received 0 events.
2024-10-17 08:55:06,476 - basicLogger - ERROR - Failed to retrieve events
2024-10-17 08:55:06,477 - basicLogger - DEBUG - compare finish
2024-10-17 08:55:06,477 - basicLogger - DEBUG - time finish
2024-10-17 08:55:06,479 - basicLogger - DEBUG - written events
2024-10-17 08:55:06,480 - basicLogger - DEBUG - Updated statistics: {'num_ec_readings': 304, 'min_ec_reading': 160, 'max_ec_reading': 98724, 'num_temp_readings': 305, 'min_temp_reading': 9, 'max_temp_reading': 98724, 'last_updated': '2024-10-17 08:55:02.347290'}
2024-10-17 08:55:06,481 - basicLogger - DEBUG - {'num_ec_readings': 304, 'min_ec_reading': 160, 'max_ec_reading': 98724, 'num_temp_readings': 305, 'min_temp_reading': 9, 'max_temp_reading': 98724, 'last_updated': '2024-10-17 08:55:02.347290'}
2024-10-17 08:55:06,482 - basicLogger - INFO - Periodic processing has completed
2024-10-17 08:55:07,344 - basicLogger - INFO - Start Periodic Processing
2024-10-17 08:55:11,461 - basicLogger - INFO - Received 0 events.
2024-10-17 08:55:11,462 - basicLogger - ERROR - Failed to retrieve events
2024-10-17 08:55:11,463 - basicLogger - DEBUG - compare finish
2024-10-17 08:55:11,464 - basicLogger - DEBUG - time finish
2024-10-17 08:55:11,466 - basicLogger - DEBUG - written events
2024-10-17 08:55:11,467 - basicLogger - DEBUG - Updated statistics: {'num_ec_readings': 304, 'min_ec_reading': 160, 'max_ec_reading': 98724, 'num_temp_readings': 305, 'min_temp_reading': 9, 'max_temp_reading': 98724, 'last_updated': '2024-10-17 08:55:07.345246'}
2024-10-17 08:55:11,468 - basicLogger - DEBUG - {'num_ec_readings': 304, 'min_ec_reading': 160, 'max_ec_reading': 98724, 'num_temp_readings': 305, 'min_temp_reading': 9, 'max_temp_reading': 98724, 'last_updated': '2024-10-17 08:55:07.345246'}
2024-10-17 08:55:11,469 - basicLogger - INFO - Periodic processing has completed
2024-10-17 08:55:12,344 - basicLogger - INFO - Start Periodic Processing
2024-10-17 08:55:16,473 - basicLogger - INFO - Received 0 events.
2024-10-17 08:55:16,474 - basicLogger - ERROR - Failed to retrieve events
2024-10-17 08:55:16,475 - basicLogger - DEBUG - compare finish
2024-10-17 08:55:16,475 - basicLogger - DEBUG - time finish
2024-10-17 08:55:16,477 - basicLogger - DEBUG - written events
2024-10-17 08:55:16,478 - basicLogger - DEBUG - Updated statistics: {'num_ec_readings': 304, 'min_ec_reading': 160, 'max_ec_reading': 98724, 'num_temp_readings': 305, 'min_temp_reading': 9, 'max_temp_reading': 98724, 'last_updated': '2024-10-17 08:55:12.344917'}
2024-10-17 08:55:16,479 - basicLogger - DEBUG - {'num_ec_readings': 304, 'min_ec_reading': 160, 'max_ec_reading': 98724, 'num_temp_readings': 305, 'min_temp_reading': 9, 'max_temp_reading': 98724, 'last_updated': '2024-10-17 08:55:12.344917'}
2024-10-17 08:55:16,480 - basicLogger - INFO - Periodic processing has completed
