2024-10-31 16:29:11,553 - basicLogger - INFO - Retrieving energy at index 100
2024-10-31 16:29:11,648 - basicLogger - DEBUG - Message content: energy
2024-10-31 16:29:11,648 - basicLogger - DEBUG - Message content: energy
2024-10-31 16:29:11,648 - basicLogger - DEBUG - Message content: temperature
2024-10-31 16:29:11,649 - basicLogger - DEBUG - Message content: temperature
2024-10-31 16:29:11,649 - basicLogger - DEBUG - Message content: energy
2024-10-31 16:29:12,660 - basicLogger - ERROR - Could not find energy at index 0
2024-10-31 16:33:44,456 - basicLogger - INFO - Retrieving energy at index 100
2024-10-31 16:35:20,440 - basicLogger - INFO - Retrieving energy at index 100
2024-10-31 16:36:36,233 - basicLogger - INFO - Retrieving energy at index 100
2024-10-31 16:40:03,875 - basicLogger - INFO - Retrieving energy at index 100
2024-10-31 16:40:03,955 - basicLogger - DEBUG - Got message: {'type': 'energy', 'datetime': '2024-10-31T09:48:15', 'payload': {'device_id': 'a152hrsx-5q23-1h56-41u7-b15457s4143', 'home_room': 'Living Room', 'energy_use': 16120, 'timestamp_start': '2024-10-10 16:12:46.046992', 'timestamp_end': '2024-10-10 16:12:46.046992', 'trace_id': 'ab2cc5a7-5fa1-4ded-a50d-7303ed9d3885'}}
2024-10-31 16:40:03,956 - basicLogger - DEBUG - Got message: {'type': 'energy', 'datetime': '2024-10-31T09:48:34', 'payload': {'device_id': 'a152hrsx-5q23-1h56-41u7-b15457s4143', 'home_room': 'Living Room', 'energy_use': 16120, 'timestamp_start': '2024-10-10 16:12:46.046992', 'timestamp_end': '2024-10-10 16:12:46.046992', 'trace_id': '00177af0-7c2a-43c5-bbf2-9d1c4f1daae6'}}
2024-10-31 16:40:03,958 - basicLogger - DEBUG - Got message: {'type': 'temperature', 'datetime': '2024-10-31T09:48:53', 'payload': {'device_id': 'n876ryhq-5g99-7k67-33e9-u15736a9582', 'home_room': 'Master Bedroom', 'temperature': 24, 'timestamp': '2024-10-10 16:12:46.046992', 'trace_id': '58ea988a-fff4-4c72-9b09-4348110b77b4'}}
2024-10-31 16:40:03,959 - basicLogger - DEBUG - Got message: {'type': 'temperature', 'datetime': '2024-10-31T09:58:31', 'payload': {'device_id': 'n876ryhq-5g99-7k67-33e9-u15736a9582', 'home_room': 'Master Bedroom', 'temperature': 24, 'timestamp': '2024-10-10 16:12:46.046992', 'trace_id': '2dbce499-9d08-410f-9e7e-15258aeab48a'}}
2024-10-31 16:40:03,961 - basicLogger - DEBUG - Got message: {'type': 'energy', 'datetime': '2024-10-31T09:58:32', 'payload': {'device_id': 'a152hrsx-5q23-1h56-41u7-b15457s4143', 'home_room': 'Living Room', 'energy_use': 16120, 'timestamp_start': '2024-10-10 16:12:46.046992', 'timestamp_end': '2024-10-10 16:12:46.046992', 'trace_id': '56d70275-a5b1-45b3-a609-323197148620'}}
2024-10-31 16:40:03,962 - basicLogger - DEBUG - Got message: {'type': 'energy', 'datetime': '2024-10-31T16:36:26', 'payload': {'device_id': 'a152hrsx-5q23-1h56-41u7-b15457s4143', 'home_room': 'Living Room', 'energy_use': 16120, 'timestamp_start': '2024-10-10 16:12:46.046992', 'timestamp_end': '2024-10-10 16:12:46.046992', 'trace_id': 'e0708dee-31c4-44c9-af83-367509ce45d4'}}
2024-10-31 16:40:03,963 - basicLogger - DEBUG - Got message: {'type': 'energy', 'datetime': '2024-10-31T16:36:32', 'payload': {'device_id': 'a152hrsx-5q23-1h56-41u7-b15457s4143', 'home_room': 'Living Room', 'energy_use': 16120, 'timestamp_start': '2024-10-10 16:12:46.046992', 'timestamp_end': '2024-10-10 16:12:46.046992', 'trace_id': '1023561a-a1ae-47aa-8342-b6724286d693'}}
2024-10-31 16:40:03,965 - basicLogger - DEBUG - Got message: {'type': 'energy', 'datetime': '2024-10-31T16:36:45', 'payload': {'device_id': 'a152hrsx-5q23-1h56-41u7-b15457s4143', 'home_room': 'Living Room', 'energy_use': 16120, 'timestamp_start': '2024-10-10 16:12:46.046992', 'timestamp_end': '2024-10-10 16:12:46.046992', 'trace_id': 'e37c4dd8-78a2-4a5e-a3d0-dcac605a9da0'}}
2024-10-31 16:40:09,236 - basicLogger - INFO - Retrieving energy at index 1
2024-10-31 16:40:09,322 - basicLogger - DEBUG - Got message: {'type': 'energy', 'datetime': '2024-10-31T09:48:15', 'payload': {'device_id': 'a152hrsx-5q23-1h56-41u7-b15457s4143', 'home_room': 'Living Room', 'energy_use': 16120, 'timestamp_start': '2024-10-10 16:12:46.046992', 'timestamp_end': '2024-10-10 16:12:46.046992', 'trace_id': 'ab2cc5a7-5fa1-4ded-a50d-7303ed9d3885'}}
2024-10-31 16:40:09,324 - basicLogger - DEBUG - Got message: {'type': 'energy', 'datetime': '2024-10-31T09:48:34', 'payload': {'device_id': 'a152hrsx-5q23-1h56-41u7-b15457s4143', 'home_room': 'Living Room', 'energy_use': 16120, 'timestamp_start': '2024-10-10 16:12:46.046992', 'timestamp_end': '2024-10-10 16:12:46.046992', 'trace_id': '00177af0-7c2a-43c5-bbf2-9d1c4f1daae6'}}
2024-10-31 16:40:09,324 - basicLogger - DEBUG - Found energy via index: 1
2024-10-31 16:40:09,324 - basicLogger - INFO - Found Energy Reading at index 1: {'type': 'energy', 'datetime': '2024-10-31T09:48:34', 'payload': {'device_id': 'a152hrsx-5q23-1h56-41u7-b15457s4143', 'home_room': 'Living Room', 'energy_use': 16120, 'timestamp_start': '2024-10-10 16:12:46.046992', 'timestamp_end': '2024-10-10 16:12:46.046992', 'trace_id': '00177af0-7c2a-43c5-bbf2-9d1c4f1daae6'}}
